#
# There is insufficient memory for the Java Runtime Environment to continue.
# Native memory allocation (malloc) failed to allocate 1622416 bytes for Chunk::new
# Possible reasons:
#   The system is out of physical RAM or swap space
#   The process is running with CompressedOops enabled, and the Java Heap may be blocking the growth of the native heap
# Possible solutions:
#   Reduce memory load on the system
#   Increase physical memory or swap space
#   Check if swap backing store is full
#   Decrease Java heap size (-Xmx/-Xms)
#   Decrease number of Java threads
#   Decrease Java thread stack sizes (-Xss)
#   Set larger code cache with -XX:ReservedCodeCacheSize=
#   JVM is running with Unscaled Compressed Oops mode in which the Java heap is
#     placed in the first 4GB address space. The Java Heap base address is the
#     maximum limit for the native heap growth. Please use -XX:HeapBaseMinAddress
#     to set the Java Heap base and to place the Java Heap above 4GB virtual address.
# This output file may be truncated or incomplete.
#
#  Out of Memory Error (./src/hotspot/share/memory/arena.cpp:197), pid=11316, tid=4804
#
# JRE version: OpenJDK Runtime Environment (11.0.8+10) (build 11.0.8+10-b944.6842174)
# Java VM: OpenJDK 64-Bit Server VM (11.0.8+10-b944.6842174, mixed mode, tiered, compressed oops, g1 gc, windows-amd64)
# No core dump will be written. Minidumps are not enabled by default on client versions of Windows
#

---------------  S U M M A R Y ------------

Command Line: --add-opens=java.base/java.util=ALL-UNNAMED --add-opens=java.base/java.lang=ALL-UNNAMED --add-opens=java.base/java.lang.invoke=ALL-UNNAMED --add-opens=java.prefs/java.util.prefs=ALL-UNNAMED -Xmx2048m -Dfile.encoding=UTF-8 -Duser.country=IN -Duser.language=en -Duser.variant org.gradle.launcher.daemon.bootstrap.GradleDaemon 6.7.1

Host: Intel(R) Core(TM) i3-7020U CPU @ 2.30GHz, 4 cores, 7G,  Windows 10 , 64 bit Build 19041 (10.0.19041.928)
Time: Tue Jun 15 17:29:34 2021 India Standard Time elapsed time: 25353 seconds (0d 7h 2m 33s)

---------------  T H R E A D  ---------------

Current thread (0x0000017307866800):  JavaThread "C2 CompilerThread0" daemon [_thread_in_native, id=4804, stack(0x0000005961b00000,0x0000005961c00000)]


Current CompileTask:
C2:25353873 21700 %     4       groovy.lang.MetaClassImpl::applyStrayPropertyMethods @ 6 (293 bytes)

Stack: [0x0000005961b00000,0x0000005961c00000]
Native frames: (J=compiled Java code, j=interpreted, Vv=VM code, C=native code)
V  [jvm.dll+0x5de50a]
V  [jvm.dll+0x7122f5]
V  [jvm.dll+0x71384d]
V  [jvm.dll+0x713f03]
V  [jvm.dll+0x23e728]
V  [jvm.dll+0xb899c]
V  [jvm.dll+0xb8e9c]
V  [jvm.dll+0x35024d]
V  [jvm.dll+0x31dea3]
V  [jvm.dll+0x31d39a]
V  [jvm.dll+0x1f7702]
V  [jvm.dll+0x1f68d4]
V  [jvm.dll+0x17f32c]
V  [jvm.dll+0x205047]
V  [jvm.dll+0x203891]
V  [jvm.dll+0x6dad3f]
V  [jvm.dll+0x6d3895]
V  [jvm.dll+0x5dd4a6]
C  [ucrtbase.dll+0x21bb2]
C  [KERNEL32.DLL+0x17034]
C  [ntdll.dll+0x52651]


---------------  P R O C E S S  ---------------

Threads class SMR info:
_java_thread_list=0x00000173178c8f20, length=136, elements={
0x000001736cd26800, 0x000001730700a800, 0x0000017307010000, 0x0000017307004800,
0x0000017307006000, 0x0000017307866800, 0x0000017307870800, 0x0000017307873800,
0x00000173079c5800, 0x00000173079ec800, 0x000001730979b000, 0x0000017308471000,
0x000001730a38e000, 0x0000017308963000, 0x0000017308966000, 0x0000017308967000,
0x0000017308962000, 0x000001730d1d0000, 0x000001730d1b6000, 0x0000017308c40000,
0x00000173114d1000, 0x000001730d1af800, 0x000001730d1ac000, 0x000001730d1b0000,
0x000001730d1ae800, 0x000001730d1b1000, 0x000001730d1ad800, 0x000001730d1ab000,
0x000001730d1b1800, 0x000001730d1b2800, 0x000001730d1ad000, 0x000001730d1b4000,
0x000001730d1b8800, 0x000001730d1b3800, 0x000001730d1b5000, 0x000001730d1ba000,
0x000001730d1b6800, 0x000001730d1b7800, 0x00000173114ca800, 0x00000173114c7000,
0x00000173114c8000, 0x00000173114c9800, 0x00000173114c6800, 0x00000173114cb000,
0x00000173114c8800, 0x00000173114d1800, 0x00000173114cc000, 0x00000173114d0000,
0x00000173114cd800, 0x00000173114d2800, 0x00000173114cd000, 0x00000173114d3800,
0x00000173114d4000, 0x00000173114ce800, 0x00000173114d5000, 0x00000173114cf800,
0x0000017308c41000, 0x0000017308c42000, 0x0000017308c45000, 0x0000017308c3f800,
0x0000017308c46000, 0x0000017308c48800, 0x0000017308c42800, 0x0000017308c43800,
0x0000017308c44000, 0x0000017308c4a800, 0x0000017308c4a000, 0x0000017308c4b800,
0x0000017308c4c800, 0x0000017308c46800, 0x0000017308c47800, 0x0000017308c4d000,
0x0000017308c4e000, 0x000001730eb8f000, 0x000001730eb91800, 0x000001730eb93000,
0x000001730eb92000, 0x000001730eb94000, 0x000001730eb8e000, 0x000001730eb99800,
0x000001730eb9a800, 0x000001730eb95800, 0x000001730eb96800, 0x000001730eb97000,
0x000001730eb94800, 0x000001730eb9b000, 0x000001730eb98800, 0x000001730eb9c000,
0x000001730eb9d000, 0x000001730eb98000, 0x000001730d1d2800, 0x000001730d1cf800,
0x000001730d1d3800, 0x000001730d1d1000, 0x000001730d1ce800, 0x000001730d1d8800,
0x000001730d1d6000, 0x000001730d1d9000, 0x000001730d1d6800, 0x000001730d1d7800,
0x000001730d1d4000, 0x000001730d1da000, 0x000001730d1d5000, 0x000001730d1db800,
0x000001730d1dc800, 0x000001730d1dd000, 0x000001730d1db000, 0x0000017308967800,
0x0000017308968800, 0x0000017308965800, 0x0000017308963800, 0x0000017308964800,
0x0000017311225000, 0x0000017311226000, 0x0000017311223800, 0x0000017311221800,
0x0000017311221000, 0x0000017311222800, 0x0000017311224000, 0x0000017311220000,
0x000001731122c800, 0x0000017311229000, 0x000001731122b800, 0x0000017311228000,
0x0000017311226800, 0x0000017311227800, 0x000001731122f000, 0x000001731122e000,
0x000001731122a000, 0x000001731122d000, 0x000001731122a800, 0x000001730f01a800,
0x000001730f01b800, 0x000001730f019000, 0x000001730f01c000, 0x000001730f016800
}

Java Threads: ( => current thread )
  0x000001736cd26800 JavaThread "main" [_thread_blocked, id=2316, stack(0x0000005961000000,0x0000005961100000)]
  0x000001730700a800 JavaThread "Reference Handler" daemon [_thread_blocked, id=9908, stack(0x0000005961700000,0x0000005961800000)]
  0x0000017307010000 JavaThread "Finalizer" daemon [_thread_blocked, id=8760, stack(0x0000005961800000,0x0000005961900000)]
  0x0000017307004800 JavaThread "Signal Dispatcher" daemon [_thread_blocked, id=9548, stack(0x0000005961900000,0x0000005961a00000)]
  0x0000017307006000 JavaThread "Attach Listener" daemon [_thread_blocked, id=14772, stack(0x0000005961a00000,0x0000005961b00000)]
=>0x0000017307866800 JavaThread "C2 CompilerThread0" daemon [_thread_in_native, id=4804, stack(0x0000005961b00000,0x0000005961c00000)]
  0x0000017307870800 JavaThread "C1 CompilerThread0" daemon [_thread_blocked, id=9636, stack(0x0000005961c00000,0x0000005961d00000)]
  0x0000017307873800 JavaThread "Sweeper thread" daemon [_thread_blocked, id=11932, stack(0x0000005961d00000,0x0000005961e00000)]
  0x00000173079c5800 JavaThread "Common-Cleaner" daemon [_thread_blocked, id=8272, stack(0x0000005961e00000,0x0000005961f00000)]
  0x00000173079ec800 JavaThread "Service Thread" daemon [_thread_blocked, id=448, stack(0x0000005961f00000,0x0000005962000000)]
  0x000001730979b000 JavaThread "Daemon health stats" [_thread_blocked, id=12388, stack(0x0000005962300000,0x0000005962400000)]
  0x0000017308471000 JavaThread "Incoming local TCP Connector on port 58813" [_thread_in_native, id=16056, stack(0x0000005962100000,0x0000005962200000)]
  0x000001730a38e000 JavaThread "Daemon periodic checks" [_thread_blocked, id=3428, stack(0x0000005962800000,0x0000005962900000)]
  0x0000017308963000 JavaThread "Cache worker for file hash cache (C:\Users\SITS\.gradle\caches\6.7.1\fileHashes)" [_thread_blocked, id=5632, stack(0x0000005963000000,0x0000005963100000)]
  0x0000017308966000 JavaThread "File lock request listener" [_thread_in_native, id=11492, stack(0x0000005963100000,0x0000005963200000)]
  0x0000017308967000 JavaThread "Cache worker for journal cache (C:\Users\SITS\.gradle\caches\journal-1)" [_thread_blocked, id=10372, stack(0x0000005963200000,0x0000005963300000)]
  0x0000017308962000 JavaThread "Cache worker for execution history cache (C:\Users\SITS\.gradle\caches\6.7.1\executionHistory)" [_thread_blocked, id=15560, stack(0x0000005963800000,0x0000005963900000)]
  0x000001730d1d0000 JavaThread "Cache worker for file content cache (C:\Users\SITS\.gradle\caches\6.7.1\fileContent)" [_thread_blocked, id=15608, stack(0x0000005963a00000,0x0000005963b00000)]
  0x000001730d1b6000 JavaThread "Memory manager" [_thread_blocked, id=8216, stack(0x000000596a200000,0x000000596a300000)]
  0x0000017308c40000 JavaThread "Cache worker for Java compile cache (C:\Users\SITS\.gradle\caches\6.7.1\javaCompile)" [_thread_blocked, id=14724, stack(0x000000596a600000,0x000000596a700000)]
  0x00000173114d1000 JavaThread "ForkJoinPool.commonPool-worker-3" daemon [_thread_blocked, id=8396, stack(0x000000596af00000,0x000000596b000000)]
  0x000001730d1af800 JavaThread "Daemon Thread 9" [_thread_blocked, id=6912, stack(0x0000005960e00000,0x0000005960f00000)]
  0x000001730d1ac000 JavaThread "Handler for socket connection from /127.0.0.1:58813 to /127.0.0.1:58726" [_thread_in_native, id=1232, stack(0x0000005960f00000,0x0000005961000000)]
  0x000001730d1b0000 JavaThread "Cancel handler" [_thread_blocked, id=6828, stack(0x0000005962600000,0x0000005962700000)]
  0x000001730d1ae800 JavaThread "Daemon worker Thread 9" [_thread_in_Java, id=11348, stack(0x0000005962700000,0x0000005962800000)]
  0x000001730d1b1000 JavaThread "Asynchronous log dispatcher for DefaultDaemonConnection: socket connection from /127.0.0.1:58813 to /127.0.0.1:58726" [_thread_blocked, id=428, stack(0x0000005962900000,0x0000005962a00000)]
  0x000001730d1ad800 JavaThread "Stdin handler" [_thread_blocked, id=1236, stack(0x0000005962a00000,0x0000005962b00000)]
  0x000001730d1ab000 JavaThread "Thread-1003" [_thread_blocked, id=2996, stack(0x0000005962b00000,0x0000005962c00000)]
  0x000001730d1b1800 JavaThread "Cache worker for file hash cache (D:\skworkspace\notesappAndroid\.gradle\6.7.1\fileHashes)" [_thread_blocked, id=16156, stack(0x0000005962c00000,0x0000005962d00000)]
  0x000001730d1b2800 JavaThread "Cache worker for checksums cache (D:\skworkspace\notesappAndroid\.gradle\checksums)" [_thread_blocked, id=3612, stack(0x0000005962d00000,0x0000005962e00000)]
  0x000001730d1ad000 JavaThread "Cache worker for cache directory md-supplier (C:\Users\SITS\.gradle\caches\6.7.1\md-supplier)" [_thread_blocked, id=13916, stack(0x0000005962e00000,0x0000005962f00000)]
  0x000001730d1b4000 JavaThread "Cache worker for cache directory md-rule (C:\Users\SITS\.gradle\caches\6.7.1\md-rule)" [_thread_blocked, id=6112, stack(0x0000005962f00000,0x0000005963000000)]
  0x000001730d1b8800 JavaThread "Cache worker for Build Output Cleanup Cache (D:\skworkspace\notesappAndroid\.gradle\buildOutputCleanup)" [_thread_blocked, id=8520, stack(0x0000005963300000,0x0000005963400000)]
  0x000001730d1b3800 JavaThread "Build operations" [_thread_blocked, id=14548, stack(0x0000005963400000,0x0000005963500000)]
  0x000001730d1b5000 JavaThread "Build operations Thread 2" [_thread_blocked, id=14700, stack(0x0000005963500000,0x0000005963600000)]
  0x000001730d1ba000 JavaThread "Build operations Thread 3" [_thread_blocked, id=14064, stack(0x0000005963600000,0x0000005963700000)]
  0x000001730d1b6800 JavaThread "Build operations Thread 4" [_thread_blocked, id=8720, stack(0x0000005963700000,0x0000005963800000)]
  0x000001730d1b7800 JavaThread "jar transforms Thread 793" [_thread_blocked, id=4716, stack(0x0000005963900000,0x0000005963a00000)]
  0x00000173114ca800 JavaThread "jar transforms Thread 794" [_thread_blocked, id=9764, stack(0x0000005963b00000,0x0000005963c00000)]
  0x00000173114c7000 JavaThread "jar transforms Thread 795" [_thread_blocked, id=7736, stack(0x0000005963c00000,0x0000005963d00000)]
  0x00000173114c8000 JavaThread "jar transforms Thread 796" [_thread_blocked, id=10128, stack(0x0000005963d00000,0x0000005963e00000)]
  0x00000173114c9800 JavaThread "jar transforms Thread 797" [_thread_blocked, id=8468, stack(0x0000005963e00000,0x0000005963f00000)]
  0x00000173114c6800 JavaThread "jar transforms Thread 798" [_thread_blocked, id=12604, stack(0x0000005963f00000,0x0000005964000000)]
  0x00000173114cb000 JavaThread "jar transforms Thread 799" [_thread_blocked, id=10832, stack(0x0000005964000000,0x0000005964100000)]
  0x00000173114c8800 JavaThread "jar transforms Thread 800" [_thread_blocked, id=15296, stack(0x0000005964100000,0x0000005964200000)]
  0x00000173114d1800 JavaThread "jar transforms Thread 801" [_thread_blocked, id=13248, stack(0x0000005964200000,0x0000005964300000)]
  0x00000173114cc000 JavaThread "jar transforms Thread 802" [_thread_blocked, id=10820, stack(0x0000005964300000,0x0000005964400000)]
  0x00000173114d0000 JavaThread "jar transforms Thread 803" [_thread_blocked, id=16232, stack(0x0000005964400000,0x0000005964500000)]
  0x00000173114cd800 JavaThread "jar transforms Thread 804" [_thread_blocked, id=13232, stack(0x0000005964500000,0x0000005964600000)]
  0x00000173114d2800 JavaThread "jar transforms Thread 805" [_thread_blocked, id=7288, stack(0x0000005964600000,0x0000005964700000)]
  0x00000173114cd000 JavaThread "jar transforms Thread 806" [_thread_blocked, id=11680, stack(0x0000005964700000,0x0000005964800000)]
  0x00000173114d3800 JavaThread "jar transforms Thread 807" [_thread_blocked, id=13656, stack(0x0000005964800000,0x0000005964900000)]
  0x00000173114d4000 JavaThread "jar transforms Thread 808" [_thread_blocked, id=15788, stack(0x0000005964900000,0x0000005964a00000)]
  0x00000173114ce800 JavaThread "jar transforms Thread 809" [_thread_blocked, id=13332, stack(0x0000005964a00000,0x0000005964b00000)]
  0x00000173114d5000 JavaThread "jar transforms Thread 810" [_thread_blocked, id=5604, stack(0x0000005964b00000,0x0000005964c00000)]
  0x00000173114cf800 JavaThread "jar transforms Thread 811" [_thread_blocked, id=7064, stack(0x0000005964c00000,0x0000005964d00000)]
  0x0000017308c41000 JavaThread "jar transforms Thread 812" [_thread_blocked, id=12088, stack(0x0000005964d00000,0x0000005964e00000)]
  0x0000017308c42000 JavaThread "jar transforms Thread 813" [_thread_blocked, id=2964, stack(0x0000005964e00000,0x0000005964f00000)]
  0x0000017308c45000 JavaThread "jar transforms Thread 814" [_thread_blocked, id=14792, stack(0x0000005964f00000,0x0000005965000000)]
  0x0000017308c3f800 JavaThread "jar transforms Thread 815" [_thread_blocked, id=3528, stack(0x0000005965000000,0x0000005965100000)]
  0x0000017308c46000 JavaThread "jar transforms Thread 816" [_thread_blocked, id=11404, stack(0x0000005965100000,0x0000005965200000)]
  0x0000017308c48800 JavaThread "jar transforms Thread 817" [_thread_blocked, id=12960, stack(0x0000005965200000,0x0000005965300000)]
  0x0000017308c42800 JavaThread "jar transforms Thread 818" [_thread_blocked, id=13376, stack(0x0000005965300000,0x0000005965400000)]
  0x0000017308c43800 JavaThread "jar transforms Thread 819" [_thread_blocked, id=11376, stack(0x0000005965400000,0x0000005965500000)]
  0x0000017308c44000 JavaThread "jar transforms Thread 820" [_thread_blocked, id=15924, stack(0x0000005965500000,0x0000005965600000)]
  0x0000017308c4a800 JavaThread "jar transforms Thread 821" [_thread_blocked, id=10872, stack(0x0000005965600000,0x0000005965700000)]
  0x0000017308c4a000 JavaThread "jar transforms Thread 822" [_thread_blocked, id=14452, stack(0x0000005965700000,0x0000005965800000)]
  0x0000017308c4b800 JavaThread "jar transforms Thread 823" [_thread_blocked, id=13968, stack(0x0000005965800000,0x0000005965900000)]
  0x0000017308c4c800 JavaThread "jar transforms Thread 824" [_thread_blocked, id=13400, stack(0x0000005965900000,0x0000005965a00000)]
  0x0000017308c46800 JavaThread "jar transforms Thread 825" [_thread_blocked, id=10612, stack(0x0000005965a00000,0x0000005965b00000)]
  0x0000017308c47800 JavaThread "jar transforms Thread 826" [_thread_blocked, id=9640, stack(0x0000005965b00000,0x0000005965c00000)]
  0x0000017308c4d000 JavaThread "jar transforms Thread 827" [_thread_blocked, id=11536, stack(0x0000005965c00000,0x0000005965d00000)]
  0x0000017308c4e000 JavaThread "jar transforms Thread 828" [_thread_blocked, id=10668, stack(0x0000005965d00000,0x0000005965e00000)]
  0x000001730eb8f000 JavaThread "jar transforms Thread 829" [_thread_blocked, id=12476, stack(0x0000005965e00000,0x0000005965f00000)]
  0x000001730eb91800 JavaThread "jar transforms Thread 830" [_thread_blocked, id=13532, stack(0x0000005965f00000,0x0000005966000000)]
  0x000001730eb93000 JavaThread "jar transforms Thread 831" [_thread_blocked, id=276, stack(0x0000005966000000,0x0000005966100000)]
  0x000001730eb92000 JavaThread "jar transforms Thread 832" [_thread_blocked, id=9332, stack(0x0000005966100000,0x0000005966200000)]
  0x000001730eb94000 JavaThread "jar transforms Thread 833" [_thread_blocked, id=15344, stack(0x0000005966200000,0x0000005966300000)]
  0x000001730eb8e000 JavaThread "jar transforms Thread 834" [_thread_blocked, id=9300, stack(0x0000005966300000,0x0000005966400000)]
  0x000001730eb99800 JavaThread "jar transforms Thread 835" [_thread_blocked, id=5404, stack(0x0000005966400000,0x0000005966500000)]
  0x000001730eb9a800 JavaThread "jar transforms Thread 836" [_thread_blocked, id=5540, stack(0x0000005966500000,0x0000005966600000)]
  0x000001730eb95800 JavaThread "jar transforms Thread 837" [_thread_blocked, id=11452, stack(0x0000005966600000,0x0000005966700000)]
  0x000001730eb96800 JavaThread "jar transforms Thread 838" [_thread_blocked, id=13064, stack(0x0000005966700000,0x0000005966800000)]
  0x000001730eb97000 JavaThread "jar transforms Thread 839" [_thread_blocked, id=1000, stack(0x0000005966800000,0x0000005966900000)]
  0x000001730eb94800 JavaThread "jar transforms Thread 840" [_thread_blocked, id=13340, stack(0x0000005966900000,0x0000005966a00000)]
  0x000001730eb9b000 JavaThread "jar transforms Thread 841" [_thread_blocked, id=2200, stack(0x0000005966a00000,0x0000005966b00000)]
  0x000001730eb98800 JavaThread "jar transforms Thread 842" [_thread_blocked, id=5888, stack(0x0000005966b00000,0x0000005966c00000)]
  0x000001730eb9c000 JavaThread "jar transforms Thread 843" [_thread_blocked, id=16332, stack(0x0000005966c00000,0x0000005966d00000)]
  0x000001730eb9d000 JavaThread "jar transforms Thread 844" [_thread_blocked, id=8792, stack(0x0000005966d00000,0x0000005966e00000)]
  0x000001730eb98000 JavaThread "jar transforms Thread 845" [_thread_blocked, id=2624, stack(0x0000005966e00000,0x0000005966f00000)]
  0x000001730d1d2800 JavaThread "jar transforms Thread 846" [_thread_blocked, id=12660, stack(0x0000005966f00000,0x0000005967000000)]
  0x000001730d1cf800 JavaThread "jar transforms Thread 847" [_thread_blocked, id=6764, stack(0x0000005967000000,0x0000005967100000)]
  0x000001730d1d3800 JavaThread "jar transforms Thread 848" [_thread_blocked, id=10280, stack(0x0000005967100000,0x0000005967200000)]
  0x000001730d1d1000 JavaThread "jar transforms Thread 849" [_thread_blocked, id=15636, stack(0x0000005967200000,0x0000005967300000)]
  0x000001730d1ce800 JavaThread "jar transforms Thread 850" [_thread_blocked, id=15216, stack(0x0000005967300000,0x0000005967400000)]
  0x000001730d1d8800 JavaThread "jar transforms Thread 851" [_thread_blocked, id=9472, stack(0x0000005967400000,0x0000005967500000)]
  0x000001730d1d6000 JavaThread "jar transforms Thread 852" [_thread_blocked, id=14708, stack(0x0000005967500000,0x0000005967600000)]
  0x000001730d1d9000 JavaThread "jar transforms Thread 853" [_thread_blocked, id=8156, stack(0x0000005967600000,0x0000005967700000)]
  0x000001730d1d6800 JavaThread "jar transforms Thread 854" [_thread_blocked, id=13904, stack(0x0000005967700000,0x0000005967800000)]
  0x000001730d1d7800 JavaThread "jar transforms Thread 855" [_thread_blocked, id=3288, stack(0x0000005967800000,0x0000005967900000)]
  0x000001730d1d4000 JavaThread "jar transforms Thread 856" [_thread_blocked, id=6736, stack(0x0000005967900000,0x0000005967a00000)]
  0x000001730d1da000 JavaThread "jar transforms Thread 857" [_thread_blocked, id=6512, stack(0x0000005967a00000,0x0000005967b00000)]
  0x000001730d1d5000 JavaThread "jar transforms Thread 858" [_thread_blocked, id=6268, stack(0x0000005967b00000,0x0000005967c00000)]
  0x000001730d1db800 JavaThread "jar transforms Thread 859" [_thread_blocked, id=2780, stack(0x0000005967c00000,0x0000005967d00000)]
  0x000001730d1dc800 JavaThread "jar transforms Thread 860" [_thread_blocked, id=11692, stack(0x0000005967d00000,0x0000005967e00000)]
  0x000001730d1dd000 JavaThread "jar transforms Thread 861" [_thread_blocked, id=1012, stack(0x0000005967e00000,0x0000005967f00000)]
  0x000001730d1db000 JavaThread "jar transforms Thread 862" [_thread_blocked, id=9584, stack(0x0000005967f00000,0x0000005968000000)]
  0x0000017308967800 JavaThread "jar transforms Thread 863" [_thread_blocked, id=14416, stack(0x0000005968000000,0x0000005968100000)]
  0x0000017308968800 JavaThread "jar transforms Thread 864" [_thread_blocked, id=13928, stack(0x0000005968100000,0x0000005968200000)]
  0x0000017308965800 JavaThread "jar transforms Thread 865" [_thread_blocked, id=3272, stack(0x0000005968200000,0x0000005968300000)]
  0x0000017308963800 JavaThread "jar transforms Thread 866" [_thread_blocked, id=12448, stack(0x0000005968300000,0x0000005968400000)]
  0x0000017308964800 JavaThread "jar transforms Thread 867" [_thread_blocked, id=14436, stack(0x0000005968400000,0x0000005968500000)]
  0x0000017311225000 JavaThread "jar transforms Thread 868" [_thread_blocked, id=11552, stack(0x0000005968500000,0x0000005968600000)]
  0x0000017311226000 JavaThread "jar transforms Thread 869" [_thread_blocked, id=13580, stack(0x0000005968600000,0x0000005968700000)]
  0x0000017311223800 JavaThread "jar transforms Thread 870" [_thread_blocked, id=3748, stack(0x0000005968700000,0x0000005968800000)]
  0x0000017311221800 JavaThread "jar transforms Thread 871" [_thread_blocked, id=2484, stack(0x0000005968800000,0x0000005968900000)]
  0x0000017311221000 JavaThread "jar transforms Thread 872" [_thread_blocked, id=9940, stack(0x0000005968900000,0x0000005968a00000)]
  0x0000017311222800 JavaThread "jar transforms Thread 873" [_thread_blocked, id=10928, stack(0x0000005968a00000,0x0000005968b00000)]
  0x0000017311224000 JavaThread "jar transforms Thread 874" [_thread_blocked, id=7776, stack(0x0000005968b00000,0x0000005968c00000)]
  0x0000017311220000 JavaThread "jar transforms Thread 875" [_thread_blocked, id=15604, stack(0x0000005968c00000,0x0000005968d00000)]
  0x000001731122c800 JavaThread "jar transforms Thread 876" [_thread_blocked, id=4628, stack(0x0000005968d00000,0x0000005968e00000)]
  0x0000017311229000 JavaThread "jar transforms Thread 877" [_thread_blocked, id=1020, stack(0x0000005968e00000,0x0000005968f00000)]
  0x000001731122b800 JavaThread "jar transforms Thread 878" [_thread_blocked, id=10200, stack(0x0000005968f00000,0x0000005969000000)]
  0x0000017311228000 JavaThread "jar transforms Thread 879" [_thread_blocked, id=9792, stack(0x0000005969000000,0x0000005969100000)]
  0x0000017311226800 JavaThread "jar transforms Thread 880" [_thread_blocked, id=15592, stack(0x0000005969100000,0x0000005969200000)]
  0x0000017311227800 JavaThread "jar transforms Thread 881" [_thread_blocked, id=12228, stack(0x0000005969200000,0x0000005969300000)]
  0x000001731122f000 JavaThread "jar transforms Thread 882" [_thread_blocked, id=5152, stack(0x0000005969300000,0x0000005969400000)]
  0x000001731122e000 JavaThread "jar transforms Thread 883" [_thread_blocked, id=5960, stack(0x0000005969400000,0x0000005969500000)]
  0x000001731122a000 JavaThread "jar transforms Thread 884" [_thread_blocked, id=3896, stack(0x0000005969500000,0x0000005969600000)]
  0x000001731122d000 JavaThread "jar transforms Thread 885" [_thread_blocked, id=4784, stack(0x0000005969600000,0x0000005969700000)]
  0x000001731122a800 JavaThread "jar transforms Thread 886" [_thread_blocked, id=12804, stack(0x0000005969700000,0x0000005969800000)]
  0x000001730f01a800 JavaThread "jar transforms Thread 887" [_thread_blocked, id=2788, stack(0x0000005969800000,0x0000005969900000)]
  0x000001730f01b800 JavaThread "jar transforms Thread 888" [_thread_blocked, id=14680, stack(0x0000005969900000,0x0000005969a00000)]
  0x000001730f019000 JavaThread "jar transforms Thread 889" [_thread_blocked, id=9204, stack(0x0000005969a00000,0x0000005969b00000)]
  0x000001730f01c000 JavaThread "jar transforms Thread 890" [_thread_blocked, id=9508, stack(0x0000005969b00000,0x0000005969c00000)]
  0x000001730f016800 JavaThread "jar transforms Thread 891" [_thread_blocked, id=6308, stack(0x0000005969c00000,0x0000005969d00000)]

Other Threads:
  0x0000017306ff5800 VMThread "VM Thread" [stack: 0x0000005961600000,0x0000005961700000] [id=444]
  0x00000173079ed000 WatcherThread [stack: 0x0000005962000000,0x0000005962100000] [id=12164]
  0x000001736cd3f000 GCTaskThread "GC Thread#0" [stack: 0x0000005961100000,0x0000005961200000] [id=4228]
  0x0000017307eda800 GCTaskThread "GC Thread#1" [stack: 0x0000005962200000,0x0000005962300000] [id=4400]
  0x0000017309cdb800 GCTaskThread "GC Thread#2" [stack: 0x0000005962400000,0x0000005962500000] [id=14152]
  0x00000173095b0800 GCTaskThread "GC Thread#3" [stack: 0x0000005962500000,0x0000005962600000] [id=13608]
  0x000001736cd75800 ConcurrentGCThread "G1 Main Marker" [stack: 0x0000005961200000,0x0000005961300000] [id=7372]
  0x000001736cd77000 ConcurrentGCThread "G1 Conc#0" [stack: 0x0000005961300000,0x0000005961400000] [id=13348]
  0x0000017306e41800 ConcurrentGCThread "G1 Refine#0" [stack: 0x0000005961400000,0x0000005961500000] [id=6212]
  0x000001730b3ea800 ConcurrentGCThread "G1 Refine#1" [stack: 0x0000005960d00000,0x0000005960e00000] [id=11772]
  0x00000173082c0800 ConcurrentGCThread "G1 Refine#2" [stack: 0x000000596a500000,0x000000596a600000] [id=10256]
  0x0000017306e42000 ConcurrentGCThread "G1 Young RemSet Sampling" [stack: 0x0000005961500000,0x0000005961600000] [id=13000]

Threads with active compile tasks:
C2 CompilerThread025353975 21700 %     4       groovy.lang.MetaClassImpl::applyStrayPropertyMethods @ 6 (293 bytes)

VM state:not at safepoint (normal execution)

VM Mutex/Monitor currently owned by a thread: None

Heap address: 0x0000000080000000, size: 2048 MB, Compressed Oops mode: 32-bit
Narrow klass base: 0x0000000000000000, Narrow klass shift: 3
Compressed class space size: 1073741824 Address: 0x0000000100000000

Heap:
 garbage-first heap   total 212992K, used 111730K [0x0000000080000000, 0x0000000100000000)
  region size 1024K, 7 young (7168K), 2 survivors (2048K)
 Metaspace       used 132275K, capacity 135347K, committed 136704K, reserved 1167360K
  class space    used 16453K, capacity 17574K, committed 17920K, reserved 1048576K
Heap Regions: E=young(eden), S=young(survivor), O=old, HS=humongous(starts), HC=humongous(continues), CS=collection set, F=free, A=archive, TAMS=top-at-mark-start (previous, next)
|   0|0x0000000080000000, 0x0000000080100000, 0x0000000080100000|100%| O|  |TAMS 0x0000000080100000, 0x0000000080000000| Untracked 
|   1|0x0000000080100000, 0x0000000080200000, 0x0000000080200000|100%| O|  |TAMS 0x0000000080200000, 0x0000000080100000| Complete 
|   2|0x0000000080200000, 0x0000000080300000, 0x0000000080300000|100%| O|  |TAMS 0x0000000080300000, 0x0000000080200000| Complete 
|   3|0x0000000080300000, 0x0000000080400000, 0x0000000080400000|100%|HS|  |TAMS 0x0000000080400000, 0x0000000080300000| Complete 
|   4|0x0000000080400000, 0x0000000080500000, 0x0000000080500000|100%|HC|  |TAMS 0x0000000080500000, 0x0000000080400000| Complete 
|   5|0x0000000080500000, 0x0000000080600000, 0x0000000080600000|100%|HC|  |TAMS 0x0000000080600000, 0x0000000080500000| Complete 
|   6|0x0000000080600000, 0x0000000080700000, 0x0000000080700000|100%| O|  |TAMS 0x0000000080700000, 0x0000000080600000| Untracked 
|   7|0x0000000080700000, 0x0000000080800000, 0x0000000080800000|100%| O|  |TAMS 0x0000000080800000, 0x0000000080700000| Untracked 
|   8|0x0000000080800000, 0x0000000080900000, 0x0000000080900000|100%| O|  |TAMS 0x0000000080900000, 0x0000000080800000| Complete 
|   9|0x0000000080900000, 0x0000000080a00000, 0x0000000080a00000|100%| O|  |TAMS 0x0000000080a00000, 0x0000000080900000| Untracked 
|  10|0x0000000080a00000, 0x0000000080b00000, 0x0000000080b00000|100%| O|  |TAMS 0x0000000080b00000, 0x0000000080a00000| Untracked 
|  11|0x0000000080b00000, 0x0000000080c00000, 0x0000000080c00000|100%| O|  |TAMS 0x0000000080c00000, 0x0000000080b00000| Untracked 
|  12|0x0000000080c00000, 0x0000000080d00000, 0x0000000080d00000|100%| O|  |TAMS 0x0000000080d00000, 0x0000000080c00000| Complete 
|  13|0x0000000080d00000, 0x0000000080e00000, 0x0000000080e00000|100%| O|  |TAMS 0x0000000080e00000, 0x0000000080d00000| Complete 
|  14|0x0000000080e00000, 0x0000000080f00000, 0x0000000080f00000|100%| O|  |TAMS 0x0000000080f00000, 0x0000000080e00000| Complete 
|  15|0x0000000080f00000, 0x0000000081000000, 0x0000000081000000|100%|HS|  |TAMS 0x0000000081000000, 0x0000000080f00000| Complete 
|  16|0x0000000081000000, 0x0000000081100000, 0x0000000081100000|100%|HS|  |TAMS 0x0000000081100000, 0x0000000081000000| Complete 
|  17|0x0000000081100000, 0x0000000081200000, 0x0000000081200000|100%|HC|  |TAMS 0x0000000081200000, 0x0000000081100000| Complete 
|  18|0x0000000081200000, 0x0000000081300000, 0x0000000081300000|100%| O|  |TAMS 0x0000000081300000, 0x0000000081200000| Complete 
|  19|0x0000000081300000, 0x0000000081400000, 0x0000000081400000|100%| O|  |TAMS 0x0000000081400000, 0x0000000081300000| Complete 
|  20|0x0000000081400000, 0x0000000081500000, 0x0000000081500000|100%| O|  |TAMS 0x0000000081500000, 0x0000000081400000| Complete 
|  21|0x0000000081500000, 0x0000000081600000, 0x0000000081600000|100%| O|  |TAMS 0x0000000081600000, 0x0000000081500000| Complete 
|  22|0x0000000081600000, 0x0000000081700000, 0x0000000081700000|100%| O|  |TAMS 0x0000000081700000, 0x0000000081600000| Complete 
|  23|0x0000000081700000, 0x0000000081800000, 0x0000000081800000|100%| O|  |TAMS 0x0000000081800000, 0x0000000081700000| Complete 
|  24|0x0000000081800000, 0x0000000081900000, 0x0000000081900000|100%| O|  |TAMS 0x0000000081900000, 0x0000000081800000| Untracked 
|  25|0x0000000081900000, 0x0000000081a00000, 0x0000000081a00000|100%| O|  |TAMS 0x0000000081a00000, 0x0000000081900000| Complete 
|  26|0x0000000081a00000, 0x0000000081b00000, 0x0000000081b00000|100%| O|  |TAMS 0x0000000081b00000, 0x0000000081a00000| Untracked 
|  27|0x0000000081b00000, 0x0000000081c00000, 0x0000000081c00000|100%| O|  |TAMS 0x0000000081c00000, 0x0000000081b00000| Untracked 
|  28|0x0000000081c00000, 0x0000000081d00000, 0x0000000081d00000|100%| O|  |TAMS 0x0000000081d00000, 0x0000000081c00000| Untracked 
|  29|0x0000000081d00000, 0x0000000081e00000, 0x0000000081e00000|100%| O|  |TAMS 0x0000000081e00000, 0x0000000081d00000| Untracked 
|  30|0x0000000081e00000, 0x0000000081f00000, 0x0000000081f00000|100%| O|  |TAMS 0x0000000081f00000, 0x0000000081e00000| Untracked 
|  31|0x0000000081f00000, 0x0000000082000000, 0x0000000082000000|100%| O|  |TAMS 0x0000000082000000, 0x0000000081f00000| Untracked 
|  32|0x0000000082000000, 0x0000000082100000, 0x0000000082100000|100%| O|  |TAMS 0x0000000082100000, 0x0000000082000000| Complete 
|  33|0x0000000082100000, 0x0000000082200000, 0x0000000082200000|100%| O|  |TAMS 0x0000000082200000, 0x0000000082100000| Untracked 
|  34|0x0000000082200000, 0x0000000082300000, 0x0000000082300000|100%| O|  |TAMS 0x0000000082300000, 0x0000000082200000| Untracked 
|  35|0x0000000082300000, 0x0000000082400000, 0x0000000082400000|100%| O|  |TAMS 0x0000000082400000, 0x0000000082300000| Complete 
|  36|0x0000000082400000, 0x0000000082500000, 0x0000000082500000|100%| O|  |TAMS 0x0000000082500000, 0x0000000082400000| Complete 
|  37|0x0000000082500000, 0x0000000082600000, 0x0000000082600000|100%| O|  |TAMS 0x0000000082600000, 0x0000000082500000| Complete 
|  38|0x0000000082600000, 0x0000000082700000, 0x0000000082700000|100%| O|  |TAMS 0x0000000082700000, 0x0000000082600000| Complete 
|  39|0x0000000082700000, 0x0000000082800000, 0x0000000082800000|100%| O|  |TAMS 0x0000000082700000, 0x0000000082700000| Untracked 
|  40|0x0000000082800000, 0x0000000082900000, 0x0000000082900000|100%|HS|  |TAMS 0x0000000082900000, 0x0000000082800000| Complete 
|  41|0x0000000082900000, 0x0000000082a00000, 0x0000000082a00000|100%|HC|  |TAMS 0x0000000082a00000, 0x0000000082900000| Complete 
|  42|0x0000000082a00000, 0x0000000082b00000, 0x0000000082b00000|100%| O|  |TAMS 0x0000000082b00000, 0x0000000082a00000| Complete 
|  43|0x0000000082b00000, 0x0000000082c00000, 0x0000000082c00000|100%| O|  |TAMS 0x0000000082b00000, 0x0000000082b00000| Untracked 
|  44|0x0000000082c00000, 0x0000000082d00000, 0x0000000082d00000|100%| O|  |TAMS 0x0000000082d00000, 0x0000000082c00000| Complete 
|  45|0x0000000082d00000, 0x0000000082e00000, 0x0000000082e00000|100%| O|  |TAMS 0x0000000082e00000, 0x0000000082d00000| Complete 
|  46|0x0000000082e00000, 0x0000000082ed8e00, 0x0000000082f00000| 84%| O|  |TAMS 0x0000000082e00000, 0x0000000082e00000| Untracked 
|  47|0x0000000082f00000, 0x0000000083000000, 0x0000000083000000|100%| O|  |TAMS 0x0000000083000000, 0x0000000082f00000| Complete 
|  48|0x0000000083000000, 0x0000000083100000, 0x0000000083100000|100%| O|  |TAMS 0x0000000083100000, 0x0000000083000000| Complete 
|  49|0x0000000083100000, 0x0000000083200000, 0x0000000083200000|100%| O|  |TAMS 0x0000000083200000, 0x0000000083100000| Complete 
|  50|0x0000000083200000, 0x0000000083300000, 0x0000000083300000|100%| O|  |TAMS 0x0000000083300000, 0x0000000083200000| Complete 
|  51|0x0000000083300000, 0x0000000083300000, 0x0000000083400000|  0%| F|  |TAMS 0x0000000083300000, 0x0000000083300000| Untracked 
|  52|0x0000000083400000, 0x0000000083500000, 0x0000000083500000|100%| O|  |TAMS 0x0000000083500000, 0x0000000083400000| Untracked 
|  53|0x0000000083500000, 0x0000000083600000, 0x0000000083600000|100%| O|  |TAMS 0x0000000083600000, 0x0000000083500000| Untracked 
|  54|0x0000000083600000, 0x0000000083700000, 0x0000000083700000|100%| O|  |TAMS 0x0000000083700000, 0x0000000083600000| Complete 
|  55|0x0000000083700000, 0x0000000083700000, 0x0000000083800000|  0%| F|  |TAMS 0x0000000083700000, 0x0000000083700000| Untracked 
|  56|0x0000000083800000, 0x0000000083900000, 0x0000000083900000|100%| O|  |TAMS 0x0000000083900000, 0x0000000083800000| Complete 
|  57|0x0000000083900000, 0x0000000083a00000, 0x0000000083a00000|100%| O|  |TAMS 0x0000000083a00000, 0x0000000083900000| Untracked 
|  58|0x0000000083a00000, 0x0000000083b00000, 0x0000000083b00000|100%| O|  |TAMS 0x0000000083b00000, 0x0000000083a00000| Untracked 
|  59|0x0000000083b00000, 0x0000000083c00000, 0x0000000083c00000|100%| O|  |TAMS 0x0000000083c00000, 0x0000000083b00000| Complete 
|  60|0x0000000083c00000, 0x0000000083d00000, 0x0000000083d00000|100%| O|  |TAMS 0x0000000083d00000, 0x0000000083c00000| Untracked 
|  61|0x0000000083d00000, 0x0000000083d00000, 0x0000000083e00000|  0%| F|  |TAMS 0x0000000083d00000, 0x0000000083d00000| Untracked 
|  62|0x0000000083e00000, 0x0000000083f00000, 0x0000000083f00000|100%| O|  |TAMS 0x0000000083f00000, 0x0000000083e00000| Untracked 
|  63|0x0000000083f00000, 0x0000000084000000, 0x0000000084000000|100%| O|  |TAMS 0x0000000084000000, 0x0000000083f00000| Untracked 
|  64|0x0000000084000000, 0x0000000084100000, 0x0000000084100000|100%| O|  |TAMS 0x0000000084100000, 0x0000000084000000| Complete 
|  65|0x0000000084100000, 0x0000000084200000, 0x0000000084200000|100%| O|  |TAMS 0x0000000084200000, 0x0000000084100000| Untracked 
|  66|0x0000000084200000, 0x0000000084300000, 0x0000000084300000|100%| O|  |TAMS 0x0000000084300000, 0x0000000084200000| Complete 
|  67|0x0000000084300000, 0x0000000084400000, 0x0000000084400000|100%| O|  |TAMS 0x0000000084333200, 0x0000000084300000| Untracked 
|  68|0x0000000084400000, 0x0000000084400000, 0x0000000084500000|  0%| F|  |TAMS 0x0000000084400000, 0x0000000084400000| Untracked 
|  69|0x0000000084500000, 0x0000000084500000, 0x0000000084600000|  0%| F|  |TAMS 0x0000000084500000, 0x0000000084500000| Untracked 
|  70|0x0000000084600000, 0x0000000084700000, 0x0000000084700000|100%| O|  |TAMS 0x0000000084700000, 0x0000000084600000| Untracked 
|  71|0x0000000084700000, 0x0000000084800000, 0x0000000084800000|100%| O|  |TAMS 0x0000000084800000, 0x0000000084700000| Untracked 
|  72|0x0000000084800000, 0x0000000084900000, 0x0000000084900000|100%| O|  |TAMS 0x0000000084900000, 0x0000000084800000| Complete 
|  73|0x0000000084900000, 0x0000000084900000, 0x0000000084a00000|  0%| F|  |TAMS 0x0000000084900000, 0x0000000084900000| Untracked 
|  74|0x0000000084a00000, 0x0000000084b00000, 0x0000000084b00000|100%| O|  |TAMS 0x0000000084b00000, 0x0000000084a00000| Untracked 
|  75|0x0000000084b00000, 0x0000000084c00000, 0x0000000084c00000|100%| O|  |TAMS 0x0000000084c00000, 0x0000000084b00000| Untracked 
|  76|0x0000000084c00000, 0x0000000084d00000, 0x0000000084d00000|100%| O|  |TAMS 0x0000000084d00000, 0x0000000084c00000| Untracked 
|  77|0x0000000084d00000, 0x0000000084e00000, 0x0000000084e00000|100%| O|  |TAMS 0x0000000084e00000, 0x0000000084d00000| Untracked 
|  78|0x0000000084e00000, 0x0000000084f00000, 0x0000000084f00000|100%| O|  |TAMS 0x0000000084f00000, 0x0000000084e00000| Untracked 
|  79|0x0000000084f00000, 0x0000000085000000, 0x0000000085000000|100%| O|  |TAMS 0x0000000085000000, 0x0000000084f00000| Untracked 
|  80|0x0000000085000000, 0x0000000085000000, 0x0000000085100000|  0%| F|  |TAMS 0x0000000085000000, 0x0000000085000000| Untracked 
|  81|0x0000000085100000, 0x0000000085100000, 0x0000000085200000|  0%| F|  |TAMS 0x0000000085100000, 0x0000000085100000| Untracked 
|  82|0x0000000085200000, 0x0000000085200000, 0x0000000085300000|  0%| F|  |TAMS 0x0000000085200000, 0x0000000085200000| Untracked 
|  83|0x0000000085300000, 0x0000000085300000, 0x0000000085400000|  0%| F|  |TAMS 0x0000000085300000, 0x0000000085300000| Untracked 
|  84|0x0000000085400000, 0x0000000085400000, 0x0000000085500000|  0%| F|  |TAMS 0x0000000085400000, 0x0000000085400000| Untracked 
|  85|0x0000000085500000, 0x0000000085600000, 0x0000000085600000|100%| O|  |TAMS 0x0000000085600000, 0x0000000085500000| Untracked 
|  86|0x0000000085600000, 0x0000000085700000, 0x0000000085700000|100%| O|  |TAMS 0x0000000085700000, 0x0000000085600000| Complete 
|  87|0x0000000085700000, 0x0000000085700000, 0x0000000085800000|  0%| F|  |TAMS 0x0000000085700000, 0x0000000085700000| Untracked 
|  88|0x0000000085800000, 0x0000000085900000, 0x0000000085900000|100%| O|  |TAMS 0x0000000085900000, 0x0000000085800000| Untracked 
|  89|0x0000000085900000, 0x0000000085a00000, 0x0000000085a00000|100%| O|  |TAMS 0x0000000085a00000, 0x0000000085900000| Untracked 
|  90|0x0000000085a00000, 0x0000000085a00000, 0x0000000085b00000|  0%| F|  |TAMS 0x0000000085a00000, 0x0000000085a00000| Untracked 
|  91|0x0000000085b00000, 0x0000000085c00000, 0x0000000085c00000|100%| O|  |TAMS 0x0000000085c00000, 0x0000000085b00000| Untracked 
|  92|0x0000000085c00000, 0x0000000085d00000, 0x0000000085d00000|100%| O|  |TAMS 0x0000000085d00000, 0x0000000085c00000| Complete 
|  93|0x0000000085d00000, 0x0000000085d00000, 0x0000000085e00000|  0%| F|  |TAMS 0x0000000085d00000, 0x0000000085d00000| Untracked 
|  94|0x0000000085e00000, 0x0000000085f00000, 0x0000000085f00000|100%| O|  |TAMS 0x0000000085f00000, 0x0000000085e00000| Untracked 
|  95|0x0000000085f00000, 0x0000000086000000, 0x0000000086000000|100%| O|  |TAMS 0x0000000086000000, 0x0000000085f00000| Untracked 
|  96|0x0000000086000000, 0x0000000086100000, 0x0000000086100000|100%| O|  |TAMS 0x0000000086100000, 0x0000000086000000| Complete 
|  97|0x0000000086100000, 0x0000000086200000, 0x0000000086200000|100%| O|  |TAMS 0x0000000086200000, 0x0000000086100000| Complete 
|  98|0x0000000086200000, 0x0000000086300000, 0x0000000086300000|100%|HS|  |TAMS 0x0000000086300000, 0x0000000086200000| Complete 
|  99|0x0000000086300000, 0x0000000086400000, 0x0000000086400000|100%|HC|  |TAMS 0x0000000086400000, 0x0000000086300000| Complete 
| 100|0x0000000086400000, 0x0000000086500000, 0x0000000086500000|100%|HC|  |TAMS 0x0000000086500000, 0x0000000086400000| Complete 
| 101|0x0000000086500000, 0x0000000086600000, 0x0000000086600000|100%| O|  |TAMS 0x0000000086600000, 0x0000000086500000| Complete 
| 102|0x0000000086600000, 0x0000000086700000, 0x0000000086700000|100%| O|  |TAMS 0x0000000086700000, 0x0000000086600000| Complete 
| 103|0x0000000086700000, 0x0000000086800000, 0x0000000086800000|100%| O|  |TAMS 0x0000000086800000, 0x0000000086700000| Untracked 
| 104|0x0000000086800000, 0x0000000086900000, 0x0000000086900000|100%| O|  |TAMS 0x0000000086900000, 0x0000000086800000| Untracked 
| 105|0x0000000086900000, 0x0000000086a00000, 0x0000000086a00000|100%|HS|  |TAMS 0x0000000086a00000, 0x0000000086900000| Complete 
| 106|0x0000000086a00000, 0x0000000086b00000, 0x0000000086b00000|100%|HC|  |TAMS 0x0000000086b00000, 0x0000000086a00000| Complete 
| 107|0x0000000086b00000, 0x0000000086c00000, 0x0000000086c00000|100%|HC|  |TAMS 0x0000000086c00000, 0x0000000086b00000| Complete 
| 108|0x0000000086c00000, 0x0000000086d00000, 0x0000000086d00000|100%|HC|  |TAMS 0x0000000086d00000, 0x0000000086c00000| Complete 
| 109|0x0000000086d00000, 0x0000000086e00000, 0x0000000086e00000|100%| O|  |TAMS 0x0000000086e00000, 0x0000000086d00000| Complete 
| 110|0x0000000086e00000, 0x0000000086e00000, 0x0000000086f00000|  0%| F|  |TAMS 0x0000000086e00000, 0x0000000086e00000| Untracked 
| 111|0x0000000086f00000, 0x0000000086f00000, 0x0000000087000000|  0%| F|  |TAMS 0x0000000086f00000, 0x0000000086f00000| Untracked 
| 112|0x0000000087000000, 0x0000000087000000, 0x0000000087100000|  0%| F|  |TAMS 0x0000000087000000, 0x0000000087000000| Untracked 
| 113|0x0000000087100000, 0x0000000087100000, 0x0000000087200000|  0%| F|  |TAMS 0x0000000087100000, 0x0000000087100000| Untracked 
| 114|0x0000000087200000, 0x0000000087200000, 0x0000000087300000|  0%| F|  |TAMS 0x0000000087200000, 0x0000000087200000| Untracked 
| 115|0x0000000087300000, 0x0000000087300000, 0x0000000087400000|  0%| F|  |TAMS 0x0000000087300000, 0x0000000087300000| Untracked 
| 116|0x0000000087400000, 0x0000000087400000, 0x0000000087500000|  0%| F|  |TAMS 0x0000000087400000, 0x0000000087400000| Untracked 
| 117|0x0000000087500000, 0x0000000087600000, 0x0000000087600000|100%| O|  |TAMS 0x0000000087600000, 0x0000000087500000| Complete 
| 118|0x0000000087600000, 0x0000000087700000, 0x0000000087700000|100%| O|  |TAMS 0x0000000087700000, 0x0000000087600000| Complete 
| 119|0x0000000087700000, 0x0000000087700000, 0x0000000087800000|  0%| F|  |TAMS 0x0000000087700000, 0x0000000087700000| Untracked 
| 120|0x0000000087800000, 0x0000000087800000, 0x0000000087900000|  0%| F|  |TAMS 0x0000000087800000, 0x0000000087800000| Untracked 
| 121|0x0000000087900000, 0x0000000087900000, 0x0000000087a00000|  0%| F|  |TAMS 0x0000000087900000, 0x0000000087900000| Untracked 
| 122|0x0000000087a00000, 0x0000000087a00000, 0x0000000087b00000|  0%| F|  |TAMS 0x0000000087a00000, 0x0000000087a00000| Untracked 
| 123|0x0000000087b00000, 0x0000000087c00000, 0x0000000087c00000|100%| O|  |TAMS 0x0000000087c00000, 0x0000000087b00000| Complete 
| 124|0x0000000087c00000, 0x0000000087c00000, 0x0000000087d00000|  0%| F|  |TAMS 0x0000000087c00000, 0x0000000087c00000| Untracked 
| 125|0x0000000087d00000, 0x0000000087e00000, 0x0000000087e00000|100%| O|  |TAMS 0x0000000087e00000, 0x0000000087d00000| Complete 
| 126|0x0000000087e00000, 0x0000000087e00000, 0x0000000087f00000|  0%| F|  |TAMS 0x0000000087e00000, 0x0000000087e00000| Untracked 
| 127|0x0000000087f00000, 0x0000000087f00000, 0x0000000088000000|  0%| F|  |TAMS 0x0000000087f00000, 0x0000000087f00000| Untracked 
| 128|0x0000000088000000, 0x0000000088000000, 0x0000000088100000|  0%| F|  |TAMS 0x0000000088000000, 0x0000000088000000| Untracked 
| 129|0x0000000088100000, 0x0000000088100000, 0x0000000088200000|  0%| F|  |TAMS 0x0000000088100000, 0x0000000088100000| Untracked 
| 130|0x0000000088200000, 0x0000000088200000, 0x0000000088300000|  0%| F|  |TAMS 0x0000000088200000, 0x0000000088200000| Untracked 
| 131|0x0000000088300000, 0x0000000088400000, 0x0000000088400000|100%| O|  |TAMS 0x0000000088400000, 0x0000000088300000| Complete 
| 132|0x0000000088400000, 0x0000000088500000, 0x0000000088500000|100%| O|  |TAMS 0x0000000088500000, 0x0000000088400000| Untracked 
| 133|0x0000000088500000, 0x0000000088600000, 0x0000000088600000|100%| O|  |TAMS 0x0000000088600000, 0x0000000088500000| Untracked 
| 134|0x0000000088600000, 0x0000000088600000, 0x0000000088700000|  0%| F|  |TAMS 0x0000000088600000, 0x0000000088600000| Untracked 
| 135|0x0000000088700000, 0x0000000088700000, 0x0000000088800000|  0%| F|  |TAMS 0x0000000088700000, 0x0000000088700000| Untracked 
| 136|0x0000000088800000, 0x0000000088800000, 0x0000000088900000|  0%| F|  |TAMS 0x0000000088800000, 0x0000000088800000| Untracked 
| 137|0x0000000088900000, 0x0000000088900000, 0x0000000088a00000|  0%| F|  |TAMS 0x0000000088900000, 0x0000000088900000| Untracked 
| 138|0x0000000088a00000, 0x0000000088a00000, 0x0000000088b00000|  0%| F|  |TAMS 0x0000000088a00000, 0x0000000088a00000| Untracked 
| 139|0x0000000088b00000, 0x0000000088b00000, 0x0000000088c00000|  0%| F|  |TAMS 0x0000000088b00000, 0x0000000088b00000| Untracked 
| 140|0x0000000088c00000, 0x0000000088c00000, 0x0000000088d00000|  0%| F|  |TAMS 0x0000000088c00000, 0x0000000088c00000| Untracked 
| 141|0x0000000088d00000, 0x0000000088d00000, 0x0000000088e00000|  0%| F|  |TAMS 0x0000000088d00000, 0x0000000088d00000| Untracked 
| 142|0x0000000088e00000, 0x0000000088f00000, 0x0000000088f00000|100%| O|  |TAMS 0x0000000088f00000, 0x0000000088e00000| Complete 
| 143|0x0000000088f00000, 0x0000000088f00000, 0x0000000089000000|  0%| F|  |TAMS 0x0000000088f00000, 0x0000000088f00000| Untracked 
| 144|0x0000000089000000, 0x0000000089000000, 0x0000000089100000|  0%| F|  |TAMS 0x0000000089000000, 0x0000000089000000| Untracked 
| 145|0x0000000089100000, 0x0000000089100000, 0x0000000089200000|  0%| F|  |TAMS 0x0000000089100000, 0x0000000089100000| Untracked 
| 146|0x0000000089200000, 0x0000000089200000, 0x0000000089300000|  0%| F|  |TAMS 0x0000000089200000, 0x0000000089200000| Untracked 
| 147|0x0000000089300000, 0x0000000089300000, 0x0000000089400000|  0%| F|  |TAMS 0x0000000089300000, 0x0000000089300000| Untracked 
| 148|0x0000000089400000, 0x0000000089400000, 0x0000000089500000|  0%| F|  |TAMS 0x0000000089400000, 0x0000000089400000| Untracked 
| 149|0x0000000089500000, 0x0000000089500000, 0x0000000089600000|  0%| F|  |TAMS 0x0000000089500000, 0x0000000089500000| Untracked 
| 150|0x0000000089600000, 0x0000000089600000, 0x0000000089700000|  0%| F|  |TAMS 0x0000000089600000, 0x0000000089600000| Untracked 
| 151|0x0000000089700000, 0x0000000089700000, 0x0000000089800000|  0%| F|  |TAMS 0x0000000089700000, 0x0000000089700000| Untracked 
| 152|0x0000000089800000, 0x0000000089800000, 0x0000000089900000|  0%| F|  |TAMS 0x0000000089800000, 0x0000000089800000| Untracked 
| 153|0x0000000089900000, 0x0000000089900000, 0x0000000089a00000|  0%| F|  |TAMS 0x0000000089900000, 0x0000000089900000| Untracked 
| 154|0x0000000089a00000, 0x0000000089a00000, 0x0000000089b00000|  0%| F|  |TAMS 0x0000000089a00000, 0x0000000089a00000| Untracked 
| 155|0x0000000089b00000, 0x0000000089b00000, 0x0000000089c00000|  0%| F|  |TAMS 0x0000000089b00000, 0x0000000089b00000| Untracked 
| 156|0x0000000089c00000, 0x0000000089c00000, 0x0000000089d00000|  0%| F|  |TAMS 0x0000000089c00000, 0x0000000089c00000| Untracked 
| 157|0x0000000089d00000, 0x0000000089d00000, 0x0000000089e00000|  0%| F|  |TAMS 0x0000000089d00000, 0x0000000089d00000| Untracked 
| 158|0x0000000089e00000, 0x0000000089e00000, 0x0000000089f00000|  0%| F|  |TAMS 0x0000000089e00000, 0x0000000089e00000| Untracked 
| 159|0x0000000089f00000, 0x0000000089f00000, 0x000000008a000000|  0%| F|  |TAMS 0x0000000089f00000, 0x0000000089f00000| Untracked 
| 160|0x000000008a000000, 0x000000008a000000, 0x000000008a100000|  0%| F|  |TAMS 0x000000008a000000, 0x000000008a000000| Untracked 
| 161|0x000000008a100000, 0x000000008a100000, 0x000000008a200000|  0%| F|  |TAMS 0x000000008a100000, 0x000000008a100000| Untracked 
| 162|0x000000008a200000, 0x000000008a200000, 0x000000008a300000|  0%| F|  |TAMS 0x000000008a200000, 0x000000008a200000| Untracked 
| 163|0x000000008a300000, 0x000000008a300000, 0x000000008a400000|  0%| F|  |TAMS 0x000000008a300000, 0x000000008a300000| Untracked 
| 164|0x000000008a400000, 0x000000008a400000, 0x000000008a500000|  0%| F|  |TAMS 0x000000008a400000, 0x000000008a400000| Untracked 
| 165|0x000000008a500000, 0x000000008a500000, 0x000000008a600000|  0%| F|  |TAMS 0x000000008a500000, 0x000000008a500000| Untracked 
| 166|0x000000008a600000, 0x000000008a600000, 0x000000008a700000|  0%| F|  |TAMS 0x000000008a600000, 0x000000008a600000| Untracked 
| 167|0x000000008a700000, 0x000000008a700000, 0x000000008a800000|  0%| F|  |TAMS 0x000000008a700000, 0x000000008a700000| Untracked 
| 168|0x000000008a800000, 0x000000008a800000, 0x000000008a900000|  0%| F|  |TAMS 0x000000008a800000, 0x000000008a800000| Untracked 
| 169|0x000000008a900000, 0x000000008a900000, 0x000000008aa00000|  0%| F|  |TAMS 0x000000008a900000, 0x000000008a900000| Untracked 
| 170|0x000000008aa00000, 0x000000008aa00000, 0x000000008ab00000|  0%| F|  |TAMS 0x000000008aa00000, 0x000000008aa00000| Untracked 
| 171|0x000000008ab00000, 0x000000008ab00000, 0x000000008ac00000|  0%| F|  |TAMS 0x000000008ab00000, 0x000000008ab00000| Untracked 
| 172|0x000000008ac00000, 0x000000008ac00000, 0x000000008ad00000|  0%| F|  |TAMS 0x000000008ac00000, 0x000000008ac00000| Untracked 
| 173|0x000000008ad00000, 0x000000008ad00000, 0x000000008ae00000|  0%| F|  |TAMS 0x000000008ad00000, 0x000000008ad00000| Untracked 
| 174|0x000000008ae00000, 0x000000008ae00000, 0x000000008af00000|  0%| F|  |TAMS 0x000000008ae00000, 0x000000008ae00000| Untracked 
| 175|0x000000008af00000, 0x000000008af00000, 0x000000008b000000|  0%| F|  |TAMS 0x000000008af00000, 0x000000008af00000| Untracked 
| 176|0x000000008b000000, 0x000000008b000000, 0x000000008b100000|  0%| F|  |TAMS 0x000000008b000000, 0x000000008b000000| Untracked 
| 177|0x000000008b100000, 0x000000008b100000, 0x000000008b200000|  0%| F|  |TAMS 0x000000008b100000, 0x000000008b100000| Untracked 
| 178|0x000000008b200000, 0x000000008b200000, 0x000000008b300000|  0%| F|  |TAMS 0x000000008b200000, 0x000000008b200000| Untracked 
| 179|0x000000008b300000, 0x000000008b300000, 0x000000008b400000|  0%| F|  |TAMS 0x000000008b300000, 0x000000008b300000| Untracked 
| 180|0x000000008b400000, 0x000000008b400000, 0x000000008b500000|  0%| F|  |TAMS 0x000000008b400000, 0x000000008b400000| Untracked 
| 181|0x000000008b500000, 0x000000008b500000, 0x000000008b600000|  0%| F|  |TAMS 0x000000008b500000, 0x000000008b500000| Untracked 
| 182|0x000000008b600000, 0x000000008b600000, 0x000000008b700000|  0%| F|  |TAMS 0x000000008b600000, 0x000000008b600000| Untracked 
| 183|0x000000008b700000, 0x000000008b700000, 0x000000008b800000|  0%| F|  |TAMS 0x000000008b700000, 0x000000008b700000| Untracked 
| 184|0x000000008b800000, 0x000000008b800000, 0x000000008b900000|  0%| F|  |TAMS 0x000000008b800000, 0x000000008b800000| Untracked 
| 185|0x000000008b900000, 0x000000008b900000, 0x000000008ba00000|  0%| F|  |TAMS 0x000000008b900000, 0x000000008b900000| Untracked 
| 186|0x000000008ba00000, 0x000000008ba00000, 0x000000008bb00000|  0%| F|  |TAMS 0x000000008ba00000, 0x000000008ba00000| Untracked 
| 187|0x000000008bb00000, 0x000000008bb00000, 0x000000008bc00000|  0%| F|  |TAMS 0x000000008bb00000, 0x000000008bb00000| Untracked 
| 188|0x000000008bc00000, 0x000000008bc00000, 0x000000008bd00000|  0%| F|  |TAMS 0x000000008bc00000, 0x000000008bc00000| Untracked 
| 189|0x000000008bd00000, 0x000000008bd00000, 0x000000008be00000|  0%| F|  |TAMS 0x000000008bd00000, 0x000000008bd00000| Untracked 
| 190|0x000000008be00000, 0x000000008be00000, 0x000000008bf00000|  0%| F|  |TAMS 0x000000008be00000, 0x000000008be00000| Untracked 
| 191|0x000000008bf00000, 0x000000008bf00000, 0x000000008c000000|  0%| F|  |TAMS 0x000000008bf00000, 0x000000008bf00000| Untracked 
| 192|0x000000008c000000, 0x000000008c000000, 0x000000008c100000|  0%| F|  |TAMS 0x000000008c000000, 0x000000008c000000| Untracked 
| 193|0x000000008c100000, 0x000000008c100000, 0x000000008c200000|  0%| F|  |TAMS 0x000000008c100000, 0x000000008c100000| Untracked 
| 194|0x000000008c200000, 0x000000008c200000, 0x000000008c300000|  0%| F|  |TAMS 0x000000008c200000, 0x000000008c200000| Untracked 
| 195|0x000000008c300000, 0x000000008c300000, 0x000000008c400000|  0%| F|  |TAMS 0x000000008c300000, 0x000000008c300000| Untracked 
| 196|0x000000008c400000, 0x000000008c400000, 0x000000008c500000|  0%| F|  |TAMS 0x000000008c400000, 0x000000008c400000| Untracked 
| 197|0x000000008c500000, 0x000000008c500000, 0x000000008c600000|  0%| F|  |TAMS 0x000000008c500000, 0x000000008c500000| Untracked 
| 198|0x000000008c600000, 0x000000008c600000, 0x000000008c700000|  0%| F|  |TAMS 0x000000008c600000, 0x000000008c600000| Untracked 
| 199|0x000000008c700000, 0x000000008c700000, 0x000000008c800000|  0%| F|  |TAMS 0x000000008c700000, 0x000000008c700000| Untracked 
| 200|0x000000008c800000, 0x000000008c843a50, 0x000000008c900000| 26%| S|CS|TAMS 0x000000008c800000, 0x000000008c800000| Complete 
| 201|0x000000008c900000, 0x000000008ca00000, 0x000000008ca00000|100%| S|CS|TAMS 0x000000008c900000, 0x000000008c900000| Complete 
| 202|0x000000008ca00000, 0x000000008ca00000, 0x000000008cb00000|  0%| F|  |TAMS 0x000000008ca00000, 0x000000008ca00000| Untracked 
| 203|0x000000008cb00000, 0x000000008cbeee80, 0x000000008cc00000| 93%| E|  |TAMS 0x000000008cb00000, 0x000000008cb00000| Complete 
| 204|0x000000008cc00000, 0x000000008cd00000, 0x000000008cd00000|100%| E|CS|TAMS 0x000000008cc00000, 0x000000008cc00000| Complete 
| 205|0x000000008cd00000, 0x000000008ce00000, 0x000000008ce00000|100%| E|CS|TAMS 0x000000008cd00000, 0x000000008cd00000| Complete 
| 206|0x000000008ce00000, 0x000000008cf00000, 0x000000008cf00000|100%| E|CS|TAMS 0x000000008ce00000, 0x000000008ce00000| Complete 
| 207|0x000000008cf00000, 0x000000008d000000, 0x000000008d000000|100%| E|CS|TAMS 0x000000008cf00000, 0x000000008cf00000| Complete 

Card table byte_map: [0x0000017300400000,0x0000017300800000] _byte_map_base: 0x0000017300000000

Marking Bits (Prev, Next): (CMBitMap*) 0x000001736cd6cb58, (CMBitMap*) 0x000001736cd6cb90
 Prev Bits: [0x0000017300c00000, 0x0000017302c00000)
 Next Bits: [0x0000017302c00000, 0x0000017304c00000)

Polling page: 0x000001736b6d0000

Metaspace:

Usage:
  Non-class:    115.01 MB capacity,   113.11 MB ( 98%) used,     1.55 MB (  1%) free+waste,   366.13 KB ( <1%) overhead. 
      Class:     17.16 MB capacity,    16.07 MB ( 94%) used,   959.33 KB (  5%) free+waste,   161.56 KB ( <1%) overhead. 
       Both:    132.17 MB capacity,   129.18 MB ( 98%) used,     2.48 MB (  2%) free+waste,   527.69 KB ( <1%) overhead. 

Virtual space:
  Non-class space:      116.00 MB reserved,     116.00 MB (100%) committed 
      Class space:        1.00 GB reserved,      17.50 MB (  2%) committed 
             Both:        1.11 GB reserved,     133.50 MB ( 12%) committed 

Chunk freelists:
   Non-Class:  819.00 KB
       Class:  346.00 KB
        Both:  1.14 MB

MaxMetaspaceSize: 17179869184.00 GB
CompressedClassSpaceSize: 1.00 GB

CodeHeap 'non-profiled nmethods': size=120064Kb used=15753Kb max_used=16610Kb free=104310Kb
 bounds [0x0000017378170000, 0x00000173791b0000, 0x000001737f6b0000]
CodeHeap 'profiled nmethods': size=120000Kb used=36412Kb max_used=38220Kb free=83587Kb
 bounds [0x0000017370c40000, 0x00000173731d0000, 0x0000017378170000]
CodeHeap 'non-nmethods': size=5696Kb used=2391Kb max_used=2455Kb free=3304Kb
 bounds [0x00000173706b0000, 0x0000017370920000, 0x0000017370c40000]
 total_blobs=18632 nmethods=17606 adapters=936
 compilation: enabled
              stopped_count=0, restarted_count=0
 full_count=0

Compilation events (20 events):
Event: 25353.622 Thread 0x0000017307870800 21704       3       groovyjarjarasm.asm.Label::put (83 bytes)
Event: 25353.622 Thread 0x0000017307870800 nmethod 21704 0x0000017371021510 code [0x0000017371021720, 0x0000017371021af8]
Event: 25353.632 Thread 0x0000017307870800 21705       3       org.gradle.internal.metaobject.ConfigureDelegate::<init> (24 bytes)
Event: 25353.637 Thread 0x0000017307870800 nmethod 21705 0x0000017371070b90 code [0x0000017371070dc0, 0x0000017371071538]
Event: 25353.638 Thread 0x0000017307870800 21706       3       org.gradle.api.internal.DefaultNamedDomainObjectCollection::findByNameLaterWithoutRules (11 bytes)
Event: 25353.639 Thread 0x0000017307870800 nmethod 21706 0x0000017370f76f10 code [0x0000017370f770c0, 0x0000017370f77288]
Event: 25353.647 Thread 0x0000017307870800 21707   !   3       jdk.internal.reflect.GeneratedConstructorAccessor35::newInstance (101 bytes)
Event: 25353.649 Thread 0x0000017307870800 nmethod 21707 0x00000173711a0810 code [0x00000173711a0ae0, 0x00000173711a1d88]
Event: 25353.659 Thread 0x0000017307870800 21708       3       org.gradle.api.internal.project.DefaultProject_Decorated::getMetaClass (29 bytes)
Event: 25353.661 Thread 0x0000017307870800 nmethod 21708 0x00000173710b0790 code [0x00000173710b0980, 0x00000173710b0e58]
Event: 25353.670 Thread 0x0000017307870800 21709       3       org.codehaus.groovy.runtime.InvokerHelper::getMethodPointer (46 bytes)
Event: 25353.671 Thread 0x0000017307870800 nmethod 21709 0x000001737114c490 code [0x000001737114c720, 0x000001737114d0b8]
Event: 25353.674 Thread 0x0000017307870800 21710   !   3       jdk.internal.reflect.GeneratedMethodAccessor17::invoke (68 bytes)
Event: 25353.675 Thread 0x0000017307870800 nmethod 21710 0x000001737114f190 code [0x000001737114f3e0, 0x000001737114fbb8]
Event: 25353.675 Thread 0x0000017307870800 21711       3       org.gradle.BuildAdapter::projectsEvaluated (1 bytes)
Event: 25353.675 Thread 0x0000017307870800 nmethod 21711 0x0000017370de6990 code [0x0000017370de6b40, 0x0000017370de6c38]
Event: 25353.829 Thread 0x0000017307870800 21712       3       org.gradle.api.internal.artifacts.configurations.DefaultConfiguration::warnIfConfigurationIsDeprecatedForResolving (40 bytes)
Event: 25353.830 Thread 0x0000017307870800 nmethod 21712 0x0000017371121110 code [0x0000017371121340, 0x0000017371121758]
Event: 25353.830 Thread 0x0000017307870800 21713       3       org.gradle.api.internal.artifacts.configurations.DefaultConfiguration::resolveToStateOrLater (172 bytes)
Event: 25353.837 Thread 0x0000017307870800 nmethod 21713 0x0000017371350510 code [0x0000017371350a20, 0x0000017371352d98]

GC Heap History (20 events):
Event: 15280.015 GC heap before
{Heap before GC invocations=111 (full 0):
 garbage-first heap   total 212992K, used 160608K [0x0000000080000000, 0x0000000100000000)
  region size 1024K, 49 young (50176K), 3 survivors (3072K)
 Metaspace       used 131293K, capacity 134389K, committed 135424K, reserved 1167360K
  class space    used 16388K, capacity 17542K, committed 17920K, reserved 1048576K
}
Event: 15280.027 GC heap after
{Heap after GC invocations=112 (full 0):
 garbage-first heap   total 212992K, used 115311K [0x0000000080000000, 0x0000000100000000)
  region size 1024K, 4 young (4096K), 4 survivors (4096K)
 Metaspace       used 131293K, capacity 134389K, committed 135424K, reserved 1167360K
  class space    used 16388K, capacity 17542K, committed 17920K, reserved 1048576K
}
Event: 15280.381 GC heap before
{Heap before GC invocations=112 (full 0):
 garbage-first heap   total 212992K, used 120431K [0x0000000080000000, 0x0000000100000000)
  region size 1024K, 10 young (10240K), 4 survivors (4096K)
 Metaspace       used 131294K, capacity 134389K, committed 135424K, reserved 1167360K
  class space    used 16388K, capacity 17542K, committed 17920K, reserved 1048576K
}
Event: 15280.417 GC heap after
{Heap after GC invocations=113 (full 0):
 garbage-first heap   total 212992K, used 108439K [0x0000000080000000, 0x0000000100000000)
  region size 1024K, 1 young (1024K), 1 survivors (1024K)
 Metaspace       used 131294K, capacity 134389K, committed 135424K, reserved 1167360K
  class space    used 16388K, capacity 17542K, committed 17920K, reserved 1048576K
}
Event: 15284.593 GC heap before
{Heap before GC invocations=113 (full 0):
 garbage-first heap   total 212992K, used 167831K [0x0000000080000000, 0x0000000100000000)
  region size 1024K, 60 young (61440K), 1 survivors (1024K)
 Metaspace       used 131813K, capacity 134875K, committed 135936K, reserved 1167360K
  class space    used 16436K, capacity 17576K, committed 17920K, reserved 1048576K
}
Event: 15284.609 GC heap after
{Heap after GC invocations=114 (full 0):
 garbage-first heap   total 212992K, used 112714K [0x0000000080000000, 0x0000000100000000)
  region size 1024K, 5 young (5120K), 5 survivors (5120K)
 Metaspace       used 131813K, capacity 134875K, committed 135936K, reserved 1167360K
  class space    used 16436K, capacity 17576K, committed 17920K, reserved 1048576K
}
Event: 15286.511 GC heap before
{Heap before GC invocations=115 (full 0):
 garbage-first heap   total 212992K, used 187466K [0x0000000080000000, 0x0000000100000000)
  region size 1024K, 62 young (63488K), 5 survivors (5120K)
 Metaspace       used 132400K, capacity 135554K, committed 136448K, reserved 1167360K
  class space    used 16477K, capacity 17621K, committed 17920K, reserved 1048576K
}
Event: 15286.519 GC heap after
{Heap after GC invocations=116 (full 0):
 garbage-first heap   total 212992K, used 108982K [0x0000000080000000, 0x0000000100000000)
  region size 1024K, 1 young (1024K), 1 survivors (1024K)
 Metaspace       used 132400K, capacity 135554K, committed 136448K, reserved 1167360K
  class space    used 16477K, capacity 17621K, committed 17920K, reserved 1048576K
}
Event: 15715.491 GC heap before
{Heap before GC invocations=116 (full 0):
 garbage-first heap   total 212992K, used 118198K [0x0000000080000000, 0x0000000100000000)
  region size 1024K, 10 young (10240K), 1 survivors (1024K)
 Metaspace       used 132402K, capacity 135554K, committed 136448K, reserved 1167360K
  class space    used 16477K, capacity 17621K, committed 17920K, reserved 1048576K
}
Event: 15715.514 GC heap after
{Heap after GC invocations=117 (full 0):
 garbage-first heap   total 212992K, used 108599K [0x0000000080000000, 0x0000000100000000)
  region size 1024K, 1 young (1024K), 1 survivors (1024K)
 Metaspace       used 132402K, capacity 135554K, committed 136448K, reserved 1167360K
  class space    used 16477K, capacity 17621K, committed 17920K, reserved 1048576K
}
Event: 19473.498 GC heap before
{Heap before GC invocations=117 (full 0):
 garbage-first heap   total 212992K, used 173111K [0x0000000080000000, 0x0000000100000000)
  region size 1024K, 64 young (65536K), 1 survivors (1024K)
 Metaspace       used 132412K, capacity 135618K, committed 136704K, reserved 1167360K
  class space    used 16478K, capacity 17621K, committed 17920K, reserved 1048576K
}
Event: 19473.594 GC heap after
{Heap after GC invocations=118 (full 0):
 garbage-first heap   total 212992K, used 108550K [0x0000000080000000, 0x0000000100000000)
  region size 1024K, 1 young (1024K), 1 survivors (1024K)
 Metaspace       used 132412K, capacity 135618K, committed 136704K, reserved 1167360K
  class space    used 16478K, capacity 17621K, committed 17920K, reserved 1048576K
}
Event: 23463.503 GC heap before
{Heap before GC invocations=119 (full 0):
 garbage-first heap   total 212992K, used 175110K [0x0000000080000000, 0x0000000100000000)
  region size 1024K, 66 young (67584K), 1 survivors (1024K)
 Metaspace       used 131994K, capacity 134954K, committed 136704K, reserved 1167360K
  class space    used 16395K, capacity 17475K, committed 17920K, reserved 1048576K
}
Event: 23463.526 GC heap after
{Heap after GC invocations=120 (full 0):
 garbage-first heap   total 212992K, used 108449K [0x0000000080000000, 0x0000000100000000)
  region size 1024K, 1 young (1024K), 1 survivors (1024K)
 Metaspace       used 131994K, capacity 134954K, committed 136704K, reserved 1167360K
  class space    used 16395K, capacity 17475K, committed 17920K, reserved 1048576K
}
Event: 24009.496 GC heap before
{Heap before GC invocations=120 (full 0):
 garbage-first heap   total 212992K, used 117665K [0x0000000080000000, 0x0000000100000000)
  region size 1024K, 10 young (10240K), 1 survivors (1024K)
 Metaspace       used 131994K, capacity 134954K, committed 136704K, reserved 1167360K
  class space    used 16395K, capacity 17475K, committed 17920K, reserved 1048576K
}
Event: 24009.621 GC heap after
{Heap after GC invocations=121 (full 0):
 garbage-first heap   total 212992K, used 102975K [0x0000000080000000, 0x0000000100000000)
  region size 1024K, 1 young (1024K), 1 survivors (1024K)
 Metaspace       used 131994K, capacity 134954K, committed 136704K, reserved 1167360K
  class space    used 16395K, capacity 17475K, committed 17920K, reserved 1048576K
}
Event: 25344.452 GC heap before
{Heap before GC invocations=121 (full 0):
 garbage-first heap   total 212992K, used 173631K [0x0000000080000000, 0x0000000100000000)
  region size 1024K, 70 young (71680K), 1 survivors (1024K)
 Metaspace       used 132211K, capacity 135271K, committed 136704K, reserved 1167360K
  class space    used 16436K, capacity 17549K, committed 17920K, reserved 1048576K
}
Event: 25346.434 GC heap after
{Heap after GC invocations=122 (full 0):
 garbage-first heap   total 212992K, used 106325K [0x0000000080000000, 0x0000000100000000)
  region size 1024K, 4 young (4096K), 4 survivors (4096K)
 Metaspace       used 132211K, capacity 135271K, committed 136704K, reserved 1167360K
  class space    used 16436K, capacity 17549K, committed 17920K, reserved 1048576K
}
Event: 25353.523 GC heap before
{Heap before GC invocations=123 (full 0):
 garbage-first heap   total 212992K, used 112469K [0x0000000080000000, 0x0000000100000000)
  region size 1024K, 10 young (10240K), 4 survivors (4096K)
 Metaspace       used 132224K, capacity 135271K, committed 136704K, reserved 1167360K
  class space    used 16436K, capacity 17549K, committed 17920K, reserved 1048576K
}
Event: 25353.568 GC heap after
{Heap after GC invocations=124 (full 0):
 garbage-first heap   total 212992K, used 107634K [0x0000000080000000, 0x0000000100000000)
  region size 1024K, 2 young (2048K), 2 survivors (2048K)
 Metaspace       used 132224K, capacity 135271K, committed 136704K, reserved 1167360K
  class space    used 16436K, capacity 17549K, committed 17920K, reserved 1048576K
}

Deoptimization events (20 events):
Event: 25317.406 Thread 0x000001730d1ae800 DEOPT PACKING pc=0x0000017371e72428 sp=0x00000059627f94b0
Event: 25317.406 Thread 0x000001730d1ae800 DEOPT UNPACKING pc=0x00000173706d72ce sp=0x00000059627f8968 mode 0
Event: 25317.555 Thread 0x000001730d1ae800 DEOPT PACKING pc=0x0000017372dc65bf sp=0x00000059627f86c0
Event: 25317.559 Thread 0x000001730d1ae800 DEOPT UNPACKING pc=0x00000173706d72ce sp=0x00000059627f7bd0 mode 0
Event: 25328.982 Thread 0x000001730d1b7800 Uncommon trap: trap_request=0xffffff4d fr.pc=0x0000017378992e20 relative=0x00000000000007c0
Event: 25328.983 Thread 0x000001730d1b7800 Uncommon trap: reason=unstable_if action=reinterpret pc=0x0000017378992e20 method=java.util.concurrent.SynchronousQueue$TransferStack.awaitFulfill(Ljava/util/concurrent/SynchronousQueue$TransferStack$SNode;ZJ)Ljava/util/concurrent/SynchronousQueue$Transfe
Event: 25328.983 Thread 0x000001730d1b7800 DEOPT PACKING pc=0x0000017378992e20 sp=0x00000059639fee90
Event: 25328.983 Thread 0x000001730d1d8800 Uncommon trap: trap_request=0xffffff4d fr.pc=0x00000173783a0500 relative=0x0000000000000060
Event: 25328.983 Thread 0x000001730d1d8800 Uncommon trap: reason=unstable_if action=reinterpret pc=0x00000173783a0500 method=java.util.concurrent.SynchronousQueue$TransferStack.shouldSpin(Ljava/util/concurrent/SynchronousQueue$TransferStack$SNode;)Z @ 7 c2
Event: 25328.983 Thread 0x000001730d1d6000 Uncommon trap: trap_request=0xffffff4d fr.pc=0x00000173783a0500 relative=0x0000000000000060
Event: 25328.983 Thread 0x000001730d1d6000 Uncommon trap: reason=unstable_if action=reinterpret pc=0x00000173783a0500 method=java.util.concurrent.SynchronousQueue$TransferStack.shouldSpin(Ljava/util/concurrent/SynchronousQueue$TransferStack$SNode;)Z @ 7 c2
Event: 25328.983 Thread 0x000001730d1d6000 DEOPT PACKING pc=0x00000173783a0500 sp=0x00000059675fefe0
Event: 25328.983 Thread 0x000001730d1cf800 Uncommon trap: trap_request=0xffffff4d fr.pc=0x00000173783a0500 relative=0x0000000000000060
Event: 25328.983 Thread 0x000001730d1d8800 DEOPT PACKING pc=0x00000173783a0500 sp=0x00000059674fee20
Event: 25328.983 Thread 0x000001730d1cf800 Uncommon trap: reason=unstable_if action=reinterpret pc=0x00000173783a0500 method=java.util.concurrent.SynchronousQueue$TransferStack.shouldSpin(Ljava/util/concurrent/SynchronousQueue$TransferStack$SNode;)Z @ 7 c2
Event: 25328.983 Thread 0x000001730d1cf800 DEOPT PACKING pc=0x00000173783a0500 sp=0x00000059670feca0
Event: 25328.984 Thread 0x000001730d1b7800 DEOPT UNPACKING pc=0x00000173706d74af sp=0x00000059639fee40 mode 2
Event: 25328.984 Thread 0x000001730d1cf800 DEOPT UNPACKING pc=0x00000173706d74af sp=0x00000059670fec30 mode 2
Event: 25328.985 Thread 0x000001730d1d8800 DEOPT UNPACKING pc=0x00000173706d74af sp=0x00000059674fedb0 mode 2
Event: 25328.986 Thread 0x000001730d1d6000 DEOPT UNPACKING pc=0x00000173706d74af sp=0x00000059675fef70 mode 2

Classes redefined (0 events):
No events

Internal exceptions (20 events):
Event: 25310.085 Thread 0x000001730d1ac000 Exception <a 'java/lang/NoSuchMethodError'{0x000000008b81a078}: <clinit>> (0x000000008b81a078) thrown at [./src/hotspot/share/prims/jni.cpp, line 1362]
Event: 25310.145 Thread 0x000001730d1ac000 Exception <a 'java/lang/NoSuchMethodError'{0x000000008b851ae8}: <clinit>> (0x000000008b851ae8) thrown at [./src/hotspot/share/prims/jni.cpp, line 1362]
Event: 25311.082 Thread 0x000001730d1ac000 Exception <a 'java/lang/NoSuchMethodError'{0x000000008b88c1c0}: <clinit>> (0x000000008b88c1c0) thrown at [./src/hotspot/share/prims/jni.cpp, line 1362]
Event: 25311.105 Thread 0x000001730d1ac000 Exception <a 'java/lang/NoSuchMethodError'{0x000000008b8b76d0}: <clinit>> (0x000000008b8b76d0) thrown at [./src/hotspot/share/prims/jni.cpp, line 1362]
Event: 25314.704 Thread 0x000001730d1ab000 Exception <a 'java/lang/NoSuchMethodError'{0x000000008b7c0998}: <clinit>> (0x000000008b7c0998) thrown at [./src/hotspot/share/prims/jni.cpp, line 1362]
Event: 25314.704 Thread 0x000001730d1ab000 Exception <a 'java/lang/NoSuchMethodError'{0x000000008b7c1f88}: <clinit>> (0x000000008b7c1f88) thrown at [./src/hotspot/share/prims/jni.cpp, line 1362]
Event: 25314.893 Thread 0x000001730d1ab000 Exception <a 'java/lang/NoSuchMethodError'{0x000000008b7d0a88}: <clinit>> (0x000000008b7d0a88) thrown at [./src/hotspot/share/prims/jni.cpp, line 1362]
Event: 25314.914 Thread 0x000001730d1ab000 Exception <a 'java/lang/NoSuchMethodError'{0x000000008b7d28d8}: <clinit>> (0x000000008b7d28d8) thrown at [./src/hotspot/share/prims/jni.cpp, line 1362]
Event: 25315.007 Thread 0x000001730d1ab000 Exception <a 'java/lang/NoSuchMethodError'{0x000000008b7e1470}: <clinit>> (0x000000008b7e1470) thrown at [./src/hotspot/share/prims/jni.cpp, line 1362]
Event: 25317.539 Thread 0x000001730d1ae800 Exception <a 'java/lang/NoSuchMethodError'{0x000000008b112138}: 'java.lang.Object java.lang.invoke.DelegatingMethodHandle$Holder.reinvoke_L(java.lang.Object, java.lang.Object, java.lang.Object, java.lang.Object, java.lang.Object, java.lang.Object, java.lang.Object, java.lang.Object, java.lang.Object, java.lang.Object, java.lang.Object, java.lang.Object, java.lang.Object, java.lang.Object, java.lang.Object, java.lang.Object, java.lang.Object)'> (0x000000008b112138) thrown at [./src/hotspot/share/interpreter
Event: 25317.640 Thread 0x000001730d1ae800 Exception <a 'java/lang/NoSuchMethodError'{0x000000008b19d3f0}: 'java.lang.Object java.lang.invoke.DelegatingMethodHandle$Holder.reinvoke_L(java.lang.Object, java.lang.Object, java.lang.Object, java.lang.Object, java.lang.Object, java.lang.Object, java.lang.Object, java.lang.Object, java.lang.Object, java.lang.Object, java.lang.Object, java.lang.Object, java.lang.Object, java.lang.Object, java.lang.Object, java.lang.Object)'> (0x000000008b19d3f0) thrown at [./src/hotspot/share/interpreter/linkResolver.cpp,
Event: 25335.948 Thread 0x000001730d1ab000 Exception <a 'java/lang/NoSuchMethodError'{0x00000000891b6e08}: <clinit>> (0x00000000891b6e08) thrown at [./src/hotspot/share/prims/jni.cpp, line 1362]
Event: 25335.954 Thread 0x000001730d1ab000 Exception <a 'java/lang/NoSuchMethodError'{0x00000000891d3eb0}: <clinit>> (0x00000000891d3eb0) thrown at [./src/hotspot/share/prims/jni.cpp, line 1362]
Event: 25335.954 Thread 0x000001730d1ab000 Exception <a 'java/lang/NoSuchMethodError'{0x00000000891d4fd8}: <clinit>> (0x00000000891d4fd8) thrown at [./src/hotspot/share/prims/jni.cpp, line 1362]
Event: 25335.956 Thread 0x000001730d1ab000 Exception <a 'java/lang/NoSuchMethodError'{0x00000000891d87f0}: <clinit>> (0x00000000891d87f0) thrown at [./src/hotspot/share/prims/jni.cpp, line 1362]
Event: 25335.956 Thread 0x000001730d1ab000 Exception <a 'java/lang/NoSuchMethodError'{0x00000000891d9810}: <clinit>> (0x00000000891d9810) thrown at [./src/hotspot/share/prims/jni.cpp, line 1362]
Event: 25335.957 Thread 0x000001730d1ab000 Exception <a 'java/lang/NoSuchMethodError'{0x00000000891e3360}: <clinit>> (0x00000000891e3360) thrown at [./src/hotspot/share/prims/jni.cpp, line 1362]
Event: 25335.959 Thread 0x000001730d1ab000 Exception <a 'java/lang/NoSuchMethodError'{0x00000000891ed778}: <clinit>> (0x00000000891ed778) thrown at [./src/hotspot/share/prims/jni.cpp, line 1362]
Event: 25335.982 Thread 0x000001730d1ab000 Exception <a 'java/lang/NoSuchMethodError'{0x00000000890013c0}: <clinit>> (0x00000000890013c0) thrown at [./src/hotspot/share/prims/jni.cpp, line 1362]
Event: 25338.541 Thread 0x000001730d1ae800 Exception <a 'java/lang/ClassNotFoundException'{0x0000000088cd3650}: groovy/runtime/metaclass/[Lcom/google/gms/googleservices/GoogleServicesPlugin$PluginType;MetaClass> (0x0000000088cd3650) thrown at [./src/hotspot/share/prims/jni.cpp, line 636]

Events (20 events):
Event: 25353.517 loading class groovy/runtime/metaclass/org/codehaus/groovy/runtime/GStringImplMetaClass
Event: 25353.517 loading class groovy/runtime/metaclass/org/codehaus/groovy/runtime/GStringImplMetaClass done
Event: 25353.522 Executing VM operation: G1CollectForAllocation
Event: 25353.568 Executing VM operation: G1CollectForAllocation done
Event: 25353.576 loading class groovy/runtime/metaclass/java/lang/StringMetaClass
Event: 25353.576 loading class groovy/runtime/metaclass/java/lang/StringMetaClass done
Event: 25353.597 loading class groovy/runtime/metaclass/org/gradle/api/internal/provider/DefaultPropertyMetaClass
Event: 25353.597 loading class groovy/runtime/metaclass/org/gradle/api/internal/provider/DefaultPropertyMetaClass done
Event: 25353.610 loading class groovy/runtime/metaclass/java/util/Collections$SingletonListMetaClass
Event: 25353.610 loading class groovy/runtime/metaclass/java/util/Collections$SingletonListMetaClass done
Event: 25353.615 loading class groovy/runtime/metaclass/org/gradle/api/internal/file/collections/DefaultConfigurableFileCollectionMetaClass
Event: 25353.615 loading class groovy/runtime/metaclass/org/gradle/api/internal/file/collections/DefaultConfigurableFileCollectionMetaClass done
Event: 25353.652 loading class groovy/runtime/metaclass/com/google/android/gms/dependencies/DependencyAnalyzerMetaClass
Event: 25353.652 loading class groovy/runtime/metaclass/com/google/android/gms/dependencies/DependencyAnalyzerMetaClass done
Event: 25353.656 loading class groovy/runtime/metaclass/com/google/android/gms/dependencies/DependencyInspectorMetaClass
Event: 25353.656 loading class groovy/runtime/metaclass/com/google/android/gms/dependencies/DependencyInspectorMetaClass done
Event: 25353.664 loading class groovy/lang/GroovyRuntimeException
Event: 25353.664 loading class groovy/lang/GroovyRuntimeException done
Event: 25353.665 loading class org/codehaus/groovy/runtime/typehandling/DefaultTypeTransformation
Event: 25353.665 loading class org/codehaus/groovy/runtime/typehandling/DefaultTypeTransformation done


Dynamic libraries:
0x00007ff70d530000 - 0x00007ff70d53a000 	D:\android\jre\bin\java.exe
0x00007ffb38b10000 - 0x00007ffb38d05000 	C:\Windows\SYSTEM32\ntdll.dll
0x00007ffb37160000 - 0x00007ffb3721d000 	C:\Windows\System32\KERNEL32.DLL
0x00007ffb367c0000 - 0x00007ffb36a88000 	C:\Windows\System32\KERNELBASE.dll
0x00007ffb36370000 - 0x00007ffb36470000 	C:\Windows\System32\ucrtbase.dll
0x00007ffb24dc0000 - 0x00007ffb24dd7000 	D:\android\jre\bin\VCRUNTIME140.dll
0x00007ffb26b70000 - 0x00007ffb26b89000 	D:\android\jre\bin\jli.dll
0x00007ffb37d70000 - 0x00007ffb37f10000 	C:\Windows\System32\USER32.dll
0x00007ffb2ed80000 - 0x00007ffb2f01a000 	C:\Windows\WinSxS\amd64_microsoft.windows.common-controls_6595b64144ccf1df_6.0.19041.844_none_ca00b6081b84eb1d\COMCTL32.dll
0x00007ffb36e70000 - 0x00007ffb36f0e000 	C:\Windows\System32\msvcrt.dll
0x00007ffb36a90000 - 0x00007ffb36ab2000 	C:\Windows\System32\win32u.dll
0x00007ffb37350000 - 0x00007ffb3737a000 	C:\Windows\System32\GDI32.dll
0x00007ffb36520000 - 0x00007ffb3662b000 	C:\Windows\System32\gdi32full.dll
0x00007ffb36250000 - 0x00007ffb362ed000 	C:\Windows\System32\msvcp_win.dll
0x00007ffb36f80000 - 0x00007ffb36fb0000 	C:\Windows\System32\IMM32.DLL
0x00007ffb0c670000 - 0x00007ffb0c70d000 	D:\android\jre\bin\msvcp140.dll
0x00007ffae8d50000 - 0x00007ffae980c000 	D:\android\jre\bin\server\jvm.dll
0x00007ffb36c90000 - 0x00007ffb36d3c000 	C:\Windows\System32\ADVAPI32.dll
0x00007ffb37cd0000 - 0x00007ffb37d6b000 	C:\Windows\System32\sechost.dll
0x00007ffb37220000 - 0x00007ffb3734b000 	C:\Windows\System32\RPCRT4.dll
0x00007ffb36c20000 - 0x00007ffb36c28000 	C:\Windows\System32\PSAPI.DLL
0x00007ffb2af80000 - 0x00007ffb2af89000 	C:\Windows\SYSTEM32\WSOCK32.dll
0x00007ffb28ef0000 - 0x00007ffb28f17000 	C:\Windows\SYSTEM32\WINMM.dll
0x00007ffb309c0000 - 0x00007ffb309ca000 	C:\Windows\SYSTEM32\VERSION.dll
0x00007ffb36f10000 - 0x00007ffb36f7b000 	C:\Windows\System32\WS2_32.dll
0x00007ffb34b70000 - 0x00007ffb34b82000 	C:\Windows\SYSTEM32\kernel.appcore.dll
0x00007ffb23a50000 - 0x00007ffb23a61000 	D:\android\jre\bin\verify.dll
0x00007ffb340a0000 - 0x00007ffb34284000 	C:\Windows\SYSTEM32\DBGHELP.DLL
0x00007ffb2e670000 - 0x00007ffb2e69c000 	C:\Windows\SYSTEM32\dbgcore.DLL
0x00007ffb362f0000 - 0x00007ffb36370000 	C:\Windows\System32\bcryptPrimitives.dll
0x00007ffb23930000 - 0x00007ffb23959000 	D:\android\jre\bin\java.dll
0x00007ffb29430000 - 0x00007ffb2943b000 	D:\android\jre\bin\jimage.dll
0x00007ffb1ccb0000 - 0x00007ffb1ccc8000 	D:\android\jre\bin\zip.dll
0x00007ffb382d0000 - 0x00007ffb38a12000 	C:\Windows\System32\SHELL32.dll
0x00007ffb34290000 - 0x00007ffb34a20000 	C:\Windows\SYSTEM32\windows.storage.dll
0x00007ffb37f10000 - 0x00007ffb38265000 	C:\Windows\System32\combase.dll
0x00007ffb35cc0000 - 0x00007ffb35cec000 	C:\Windows\SYSTEM32\Wldp.dll
0x00007ffb38a20000 - 0x00007ffb38ace000 	C:\Windows\System32\SHCORE.dll
0x00007ffb37c70000 - 0x00007ffb37cc5000 	C:\Windows\System32\shlwapi.dll
0x00007ffb36190000 - 0x00007ffb361af000 	C:\Windows\SYSTEM32\profapi.dll
0x00007ffb19940000 - 0x00007ffb1995a000 	D:\android\jre\bin\net.dll
0x00007ffb2c2e0000 - 0x00007ffb2c3eb000 	C:\Windows\SYSTEM32\WINHTTP.dll
0x00007ffb35a30000 - 0x00007ffb35a9a000 	C:\Windows\system32\mswsock.dll
0x00007ffb19920000 - 0x00007ffb19934000 	D:\android\jre\bin\nio.dll
0x00007ffb14480000 - 0x00007ffb144a7000 	C:\Users\SITS\.gradle\native\fdc75f09e3144964f2cf3f50f0aa648679c211496f362492102eb8c894070792\windows-amd64\native-platform.dll
0x00007ffb092e0000 - 0x00007ffb09476000 	C:\Users\SITS\.gradle\native\12488b8bf47d2d4c9fbf2f6322a914ad602e24e48041cd04a747c6da556b65c4\windows-amd64\native-platform-file-events.dll
0x00007ffb24a90000 - 0x00007ffb24a9a000 	D:\android\jre\bin\management.dll
0x00007ffb246b0000 - 0x00007ffb246bc000 	D:\android\jre\bin\management_ext.dll
0x00007ffb35c00000 - 0x00007ffb35c18000 	C:\Windows\SYSTEM32\CRYPTSP.dll
0x00007ffb35360000 - 0x00007ffb35394000 	C:\Windows\system32\rsaenh.dll
0x00007ffb36790000 - 0x00007ffb367b7000 	C:\Windows\System32\bcrypt.dll
0x00007ffb36150000 - 0x00007ffb3617e000 	C:\Windows\SYSTEM32\USERENV.dll
0x00007ffb35c20000 - 0x00007ffb35c2c000 	C:\Windows\SYSTEM32\CRYPTBASE.dll
0x00007ffb356d0000 - 0x00007ffb3570b000 	C:\Windows\SYSTEM32\IPHLPAPI.DLL
0x00007ffb37c00000 - 0x00007ffb37c08000 	C:\Windows\System32\NSI.dll
0x00007ffb2ce10000 - 0x00007ffb2ce27000 	C:\Windows\SYSTEM32\dhcpcsvc6.DLL
0x00007ffb2dd60000 - 0x00007ffb2dd7d000 	C:\Windows\SYSTEM32\dhcpcsvc.DLL
0x00007ffb35710000 - 0x00007ffb357dc000 	C:\Windows\SYSTEM32\DNSAPI.dll
0x00007ffb2e0e0000 - 0x00007ffb2e0eb000 	C:\Windows\SYSTEM32\WINNSI.DLL
0x00007ffb18620000 - 0x00007ffb18647000 	D:\android\jre\bin\sunec.dll
0x00007ffb2c160000 - 0x00007ffb2c16a000 	C:\Windows\System32\rasadhlp.dll
0x00007ffb2c260000 - 0x00007ffb2c2df000 	C:\Windows\System32\fwpuclnt.dll

dbghelp: loaded successfully - version: 4.0.5 - missing functions: none
symbol engine: initialized successfully - sym options: 0x614 - pdb path: .;D:\android\jre\bin;C:\Windows\SYSTEM32;C:\Windows\WinSxS\amd64_microsoft.windows.common-controls_6595b64144ccf1df_6.0.19041.844_none_ca00b6081b84eb1d;D:\android\jre\bin\server;C:\Users\SITS\.gradle\native\fdc75f09e3144964f2cf3f50f0aa648679c211496f362492102eb8c894070792\windows-amd64;C:\Users\SITS\.gradle\native\12488b8bf47d2d4c9fbf2f6322a914ad602e24e48041cd04a747c6da556b65c4\windows-amd64

VM Arguments:
jvm_args: --add-opens=java.base/java.util=ALL-UNNAMED --add-opens=java.base/java.lang=ALL-UNNAMED --add-opens=java.base/java.lang.invoke=ALL-UNNAMED --add-opens=java.prefs/java.util.prefs=ALL-UNNAMED -Xmx2048m -Dfile.encoding=UTF-8 -Duser.country=IN -Duser.language=en -Duser.variant 
java_command: org.gradle.launcher.daemon.bootstrap.GradleDaemon 6.7.1
java_class_path (initial): C:\Users\SITS\.gradle\wrapper\dists\gradle-6.7.1-bin\bwlcbys1h7rz3272sye1xwiv6\gradle-6.7.1\lib\gradle-launcher-6.7.1.jar
Launcher Type: SUN_STANDARD

[Global flags]
     intx CICompilerCount                          = 3                                         {product} {ergonomic}
     uint ConcGCThreads                            = 1                                         {product} {ergonomic}
     uint G1ConcRefinementThreads                  = 4                                         {product} {ergonomic}
   size_t G1HeapRegionSize                         = 1048576                                   {product} {ergonomic}
    uintx GCDrainStackTargetSize                   = 64                                        {product} {ergonomic}
   size_t InitialHeapSize                          = 125829120                                 {product} {ergonomic}
   size_t MarkStackSize                            = 4194304                                   {product} {ergonomic}
   size_t MaxHeapSize                              = 2147483648                                {product} {command line}
   size_t MaxNewSize                               = 1287651328                                {product} {ergonomic}
   size_t MinHeapDeltaBytes                        = 1048576                                   {product} {ergonomic}
    uintx NonNMethodCodeHeapSize                   = 5830732                                {pd product} {ergonomic}
    uintx NonProfiledCodeHeapSize                  = 122913754                              {pd product} {ergonomic}
    uintx ProfiledCodeHeapSize                     = 122913754                              {pd product} {ergonomic}
    uintx ReservedCodeCacheSize                    = 251658240                              {pd product} {ergonomic}
     bool SegmentedCodeCache                       = true                                      {product} {ergonomic}
     bool UseCompressedClassPointers               = true                                 {lp64_product} {ergonomic}
     bool UseCompressedOops                        = true                                 {lp64_product} {ergonomic}
     bool UseG1GC                                  = true                                      {product} {ergonomic}
     bool UseLargePagesIndividualAllocation        = false                                  {pd product} {ergonomic}

Logging:
Log output configuration:
 #0: stdout all=warning uptime,level,tags
 #1: stderr all=off uptime,level,tags

Environment Variables:
PATH=C:\Windows\system32;C:\Windows;C:\Windows\System32\Wbem;C:\Windows\System32\WindowsPowerShell\v1.0\;C:\Windows\System32\OpenSSH\;C:\Program Files\Git\cmd;C:\Users\SITS\AppData\Local\Microsoft\WindowsApps;
USERNAME=SITS
OS=Windows_NT
PROCESSOR_IDENTIFIER=Intel64 Family 6 Model 142 Stepping 10, GenuineIntel



---------------  S Y S T E M  ---------------

OS: Windows 10 , 64 bit Build 19041 (10.0.19041.928)
OS uptime: 13 days 22:40 hours

CPU:total 4 (initial active 4) (2 cores per cpu, 2 threads per core) family 6 model 142 stepping 10, cmov, cx8, fxsr, mmx, sse, sse2, sse3, ssse3, sse4.1, sse4.2, popcnt, avx, avx2, aes, clmul, erms, 3dnowpref, lzcnt, ht, tsc, tscinvbit, bmi1, bmi2, adx, fma

Memory: 4k page, system-wide physical 7613M (405M free)
TotalPageFile size 20337M (AvailPageFile size 4M)
current process WorkingSet (physical memory assigned to process): 284M, peak: 551M
current process commit charge ("private bytes"): 604M, peak: 628M

vm_info: OpenJDK 64-Bit Server VM (11.0.8+10-b944.6842174) for windows-amd64 JRE (11.0.8+10-b944.6842174), built on Sep 19 2020 01:11:42 by "builder" with MS VC++ 14.0 (VS2015)

END.
